#
# There is insufficient memory for the Java Runtime Environment to continue.
# Native memory allocation (mmap) failed to map 65011712 bytes for G1 virtual space
# Possible reasons:
#   The system is out of physical RAM or swap space
#   The process is running with CompressedOops enabled, and the Java Heap may be blocking the growth of the native heap
# Possible solutions:
#   Reduce memory load on the system
#   Increase physical memory or swap space
#   Check if swap backing store is full
#   Decrease Java heap size (-Xmx/-Xms)
#   Decrease number of Java threads
#   Decrease Java thread stack sizes (-Xss)
#   Set larger code cache with -XX:ReservedCodeCacheSize=
#   JVM is running with Unscaled Compressed Oops mode in which the Java heap is
#     placed in the first 4GB address space. The Java Heap base address is the
#     maximum limit for the native heap growth. Please use -XX:HeapBaseMinAddress
#     to set the Java Heap base and to place the Java Heap above 4GB virtual address.
# This output file may be truncated or incomplete.
#
#  Out of Memory Error (os_windows.cpp:3527), pid=21788, tid=10032
#
# JRE version:  (19.0.1+10) (build )
# Java VM: Java HotSpot(TM) 64-Bit Server VM (19.0.1+10-21, mixed mode, sharing, tiered, compressed oops, compressed class ptrs, g1 gc, windows-amd64)
# No core dump will be written. Minidumps are not enabled by default on client versions of Windows
#

---------------  S U M M A R Y ------------

Command Line: -Dfile.encoding=ISO-8859-1 -XX:+ShowCodeDetailsInExceptionMessages Interfaz.VentanaTop10

Host: Intel(R) Core(TM) i5-8265U CPU @ 1.60GHz, 8 cores, 3G,  Windows 11 , 64 bit Build 22621 (10.0.22621.1485)
Time: Sat Apr 22 20:16:11 2023 Hora est. Pacífico, Sudamérica elapsed time: 0.009857 seconds (0d 0h 0m 0s)

---------------  T H R E A D  ---------------

Current thread (0x000002b5da877de0):  JavaThread "Unknown thread" [_thread_in_vm, id=10032, stack(0x000000b73c900000,0x000000b73ca00000)]

Stack: [0x000000b73c900000,0x000000b73ca00000]
Native frames: (J=compiled Java code, j=interpreted, Vv=VM code, C=native code)
V  [jvm.dll+0x6ee8fa]
V  [jvm.dll+0x857a1e]
V  [jvm.dll+0x85940e]
V  [jvm.dll+0x859ac3]
V  [jvm.dll+0x28291f]
V  [jvm.dll+0x6eb6e9]
V  [jvm.dll+0x6e028a]
V  [jvm.dll+0x357136]
V  [jvm.dll+0x35eb96]
V  [jvm.dll+0x3b555e]
V  [jvm.dll+0x3b578f]
V  [jvm.dll+0x32c6ea]
V  [jvm.dll+0x32d59e]
V  [jvm.dll+0x821b20]
V  [jvm.dll+0x3c27c1]
V  [jvm.dll+0x8022f1]
V  [jvm.dll+0x44b30f]
V  [jvm.dll+0x44cc91]
C  [jli.dll+0x5287]
C  [ucrtbase.dll+0x29363]
C  [KERNEL32.DLL+0x1269d]
C  [ntdll.dll+0x5a9f8]


---------------  P R O C E S S  ---------------

Threads class SMR info:
_java_thread_list=0x00007ffde95ed048, length=0, elements={
}

Java Threads: ( => current thread )

Other Threads:
  0x000002b5da8b84c0 WorkerThread "GC Thread#0" [stack: 0x000000b73ca00000,0x000000b73cb00000] [id=1476]
  0x000002b5da8c0fc0 ConcurrentGCThread "G1 Main Marker" [stack: 0x000000b73cb00000,0x000000b73cc00000] [id=21964]
  0x000002b5da8c41f0 WorkerThread "G1 Conc#0" [stack: 0x000000b73cc00000,0x000000b73cd00000] [id=19044]

[error occurred during error reporting (printing all threads), id 0xc0000005, EXCEPTION_ACCESS_VIOLATION (0xc0000005) at pc=0x00007ffde8dad127]

VM state: not at safepoint (not fully initialized)

VM Mutex/Monitor currently owned by a thread:  ([mutex/lock_event])
[0x000002b5da873400] Heap_lock - owner thread: 0x000002b5da877de0

Heap address: 0x00000000c2e00000, size: 978 MB, Compressed Oops mode: 32-bit

CDS archive(s) mapped at: [0x0000000000000000-0x0000000000000000-0x0000000000000000), size 0, SharedBaseAddress: 0x0000000800000000, ArchiveRelocationMode: 0.
Narrow klass base: 0x0000000000000000, Narrow klass shift: 0, Narrow klass range: 0x0

GC Precious Log:
 CardTable entry size: 512
 Card Set container configuration: InlinePtr #cards 5 size 8 Array Of Cards #cards 12 size 40 Howl #buckets 4 coarsen threshold 1843 Howl Bitmap #cards 512 size 80 coarsen threshold 460 Card regions per heap region 1 cards per card region 2048

Heap:
 garbage-first heap   total 0K, used 0K [0x00000000c2e00000, 0x0000000100000000)
  region size 1024K, 0 young (0K), 0 survivors (0K)

[error occurred during error reporting (printing heap information), id 0xc0000005, EXCEPTION_ACCESS_VIOLATION (0xc0000005) at pc=0x00007ffde91b6959]

GC Heap History (0 events):
No events

Dll operation events (1 events):
Event: 0.007 Loaded shared library C:\Program Files\Java\jdk-19\bin\java.dll

Deoptimization events (0 events):
No events

Classes loaded (0 events):
No events

Classes unloaded (0 events):
No events

Classes redefined (0 events):
No events

Internal exceptions (0 events):
No events

VM Operations (0 events):
No events

Events (0 events):
No events


Dynamic libraries:
0x00007ff680220000 - 0x00007ff680230000 	C:\Program Files\Java\jdk-19\bin\javaw.exe
0x00007ffe62a30000 - 0x00007ffe62c44000 	C:\WINDOWS\SYSTEM32\ntdll.dll
0x00007ffe619d0000 - 0x00007ffe61a92000 	C:\WINDOWS\System32\KERNEL32.DLL
0x00007ffe60010000 - 0x00007ffe603ac000 	C:\WINDOWS\System32\KERNELBASE.dll
0x00007ffe60450000 - 0x00007ffe60561000 	C:\WINDOWS\System32\ucrtbase.dll
0x00007ffe4e4f0000 - 0x00007ffe4e508000 	C:\Program Files\Java\jdk-19\bin\jli.dll
0x00007ffe4e510000 - 0x00007ffe4e52b000 	C:\Program Files\Java\jdk-19\bin\VCRUNTIME140.dll
0x00007ffe60ac0000 - 0x00007ffe60b6e000 	C:\WINDOWS\System32\ADVAPI32.dll
0x00007ffe61020000 - 0x00007ffe610c7000 	C:\WINDOWS\System32\msvcrt.dll
0x00007ffe610d0000 - 0x00007ffe61174000 	C:\WINDOWS\System32\sechost.dll
0x00007ffe61820000 - 0x00007ffe61937000 	C:\WINDOWS\System32\RPCRT4.dll
0x00007ffe62780000 - 0x00007ffe6292b000 	C:\WINDOWS\System32\USER32.dll
0x00007ffe606e0000 - 0x00007ffe60706000 	C:\WINDOWS\System32\win32u.dll
0x00007ffe55660000 - 0x00007ffe558ee000 	C:\WINDOWS\WinSxS\amd64_microsoft.windows.common-controls_6595b64144ccf1df_6.0.22621.608_none_a9444ca7c10bb01d\COMCTL32.dll
0x00007ffe629b0000 - 0x00007ffe629d9000 	C:\WINDOWS\System32\GDI32.dll
0x00007ffe5fef0000 - 0x00007ffe60003000 	C:\WINDOWS\System32\gdi32full.dll
0x00007ffe603b0000 - 0x00007ffe6044a000 	C:\WINDOWS\System32\msvcp_win.dll
0x00007ffe520a0000 - 0x00007ffe520aa000 	C:\WINDOWS\SYSTEM32\VERSION.dll
0x00007ffe609e0000 - 0x00007ffe60a11000 	C:\WINDOWS\System32\IMM32.DLL
0x00007ffe4e4e0000 - 0x00007ffe4e4ec000 	C:\Program Files\Java\jdk-19\bin\vcruntime140_1.dll
0x00007ffe38de0000 - 0x00007ffe38e6e000 	C:\Program Files\Java\jdk-19\bin\msvcp140.dll
0x00007ffde8a70000 - 0x00007ffde9730000 	C:\Program Files\Java\jdk-19\bin\server\jvm.dll
0x00007ffe58200000 - 0x00007ffe58234000 	C:\WINDOWS\SYSTEM32\WINMM.dll
0x00007ffe461b0000 - 0x00007ffe461b9000 	C:\WINDOWS\SYSTEM32\WSOCK32.dll
0x00007ffe60a40000 - 0x00007ffe60ab1000 	C:\WINDOWS\System32\WS2_32.dll
0x00007ffe5eec0000 - 0x00007ffe5eed8000 	C:\WINDOWS\SYSTEM32\kernel.appcore.dll
0x00007ffe4e4d0000 - 0x00007ffe4e4da000 	C:\Program Files\Java\jdk-19\bin\jimage.dll
0x00007ffe5d730000 - 0x00007ffe5d95e000 	C:\WINDOWS\SYSTEM32\DBGHELP.DLL
0x00007ffe60b70000 - 0x00007ffe60ef9000 	C:\WINDOWS\System32\combase.dll
0x00007ffe624d0000 - 0x00007ffe625a7000 	C:\WINDOWS\System32\OLEAUT32.dll
0x00007ffe500f0000 - 0x00007ffe50122000 	C:\WINDOWS\SYSTEM32\dbgcore.DLL
0x00007ffe5fe70000 - 0x00007ffe5feeb000 	C:\WINDOWS\System32\bcryptPrimitives.dll
0x00007ffe4e4a0000 - 0x00007ffe4e4c6000 	C:\Program Files\Java\jdk-19\bin\java.dll

dbghelp: loaded successfully - version: 4.0.5 - missing functions: none
symbol engine: initialized successfully - sym options: 0x614 - pdb path: .;C:\Program Files\Java\jdk-19\bin;C:\WINDOWS\SYSTEM32;C:\WINDOWS\WinSxS\amd64_microsoft.windows.common-controls_6595b64144ccf1df_6.0.22621.608_none_a9444ca7c10bb01d;C:\Program Files\Java\jdk-19\bin\server

VM Arguments:
jvm_args: -Dfile.encoding=ISO-8859-1 -XX:+ShowCodeDetailsInExceptionMessages 
java_command: Interfaz.VentanaTop10
java_class_path (initial): C:\Users\gavio\OneDrive\Escritorio\3s\DPO\taller 4\Taller4_LightsOut_esqueleto\bin;C:\Users\gavio\OneDrive\Escritorio\3s\DPO\taller 4\Taller4_LightsOut_esqueleto\lib\flatlaf-1.0.jar
Launcher Type: SUN_STANDARD

[Global flags]
     intx CICompilerCount                          = 4                                         {product} {ergonomic}
     uint ConcGCThreads                            = 2                                         {product} {ergonomic}
     uint G1ConcRefinementThreads                  = 8                                         {product} {ergonomic}
   size_t G1HeapRegionSize                         = 1048576                                   {product} {ergonomic}
    uintx GCDrainStackTargetSize                   = 64                                        {product} {ergonomic}
   size_t InitialHeapSize                          = 65011712                                  {product} {ergonomic}
   size_t MarkStackSize                            = 4194304                                   {product} {ergonomic}
   size_t MaxHeapSize                              = 1025507328                                {product} {ergonomic}
   size_t MinHeapDeltaBytes                        = 1048576                                   {product} {ergonomic}
   size_t MinHeapSize                              = 8388608                                   {product} {ergonomic}
    uintx NonNMethodCodeHeapSize                   = 5839372                                {pd product} {ergonomic}
    uintx NonProfiledCodeHeapSize                  = 122909434                              {pd product} {ergonomic}
    uintx ProfiledCodeHeapSize                     = 122909434                              {pd product} {ergonomic}
    uintx ReservedCodeCacheSize                    = 251658240                              {pd product} {ergonomic}
     bool SegmentedCodeCache                       = true                                      {product} {ergonomic}
     bool ShowCodeDetailsInExceptionMessages       = true                                   {manageable} {command line}
   size_t SoftMaxHeapSize                          = 1025507328                             {manageable} {ergonomic}
     bool UseCompressedClassPointers               = true                           {product lp64_product} {ergonomic}
     bool UseCompressedOops                        = true                           {product lp64_product} {ergonomic}
     bool UseG1GC                                  = true                                      {product} {ergonomic}
     bool UseLargePagesIndividualAllocation        = false                                  {pd product} {ergonomic}

Logging:
Log output configuration:
 #0: stdout all=warning uptime,level,tags foldmultilines=false
 #1: stderr all=off uptime,level,tags foldmultilines=false

Environment Variables:
JAVA_HOME=C:\Program Files\Java\jdk-19
PATH=C:\Program Files\Common Files\Oracle\Java\javapath;C:\Program Files (x86)\Common Files\Oracle\Java\javapath;C:\WINDOWS\system32;C:\WINDOWS;C:\WINDOWS\System32\Wbem;C:\WINDOWS\System32\WindowsPowerShell\v1.0\;C:\WINDOWS\System32\OpenSSH\;C:\Program Files\Intel\WiFi\bin\;C:\Program Files\Common Files\Intel\WirelessCommon\;C:\Program Files\Git\cmd;C:\Program Files\gs\gs9.56.1\bin;C:\Program Files\Java\jdk-19\bin;C:\MinGW\bin;C:\Users\gavio\anaconda3;C:\Users\gavio\anaconda3\Library\mingw-w64\bin;C:\Users\gavio\anaconda3\Library\usr\bin;C:\Users\gavio\anaconda3\Library\bin;C:\Users\gavio\anaconda3\Scripts;C:\Users\gavio\AppData\Local\Programs\Python\Python39\Scripts\;C:\Users\gavio\AppData\Local\Programs\Python\Python39\;C:\Users\gavio\AppData\Local\Microsoft\WindowsApps;C:\Users\gavio\AppData\Local\Programs\Microsoft VS Code\bin;C:\Users\gavio\AppData\Local\Programs\MiKTeX\miktex\bin\x64\;
USERNAME=Gabriela
OS=Windows_NT
PROCESSOR_IDENTIFIER=Intel64 Family 6 Model 142 Stepping 12, GenuineIntel
TMP=C:\Users\gavio\AppData\Local\Temp
TEMP=C:\Users\gavio\AppData\Local\Temp



---------------  S Y S T E M  ---------------

OS:
 Windows 11 , 64 bit Build 22621 (10.0.22621.1485)
OS uptime: 3 days 2:45 hours

CPU: total 8 (initial active 8) (4 cores per cpu, 2 threads per core) family 6 model 142 stepping 12 microcode 0xde, cx8, cmov, fxsr, ht, mmx, 3dnowpref, sse, sse2, sse3, ssse3, sse4.1, sse4.2, popcnt, lzcnt, tsc, tscinvbit, avx, avx2, aes, erms, clmul, bmi1, bmi2, adx, fma, vzeroupper, clflush, clflushopt, rdtscp

Memory: 4k page, system-wide physical 3910M (272M free)
TotalPageFile size 15686M (AvailPageFile size 46M)
current process WorkingSet (physical memory assigned to process): 11M, peak: 11M
current process commit charge ("private bytes"): 60M, peak: 122M

vm_info: Java HotSpot(TM) 64-Bit Server VM (19.0.1+10-21) for windows-amd64 JRE (19.0.1+10-21), built on 2022-09-14T12:45:06Z by "mach5one" with MS VC++ 17.1 (VS2022)

END.
