#
# There is insufficient memory for the Java Runtime Environment to continue.
# Native memory allocation (mmap) failed to map 65536 bytes for Failed to commit metaspace.
# Possible reasons:
#   The system is out of physical RAM or swap space
#   The process is running with CompressedOops enabled, and the Java Heap may be blocking the growth of the native heap
# Possible solutions:
#   Reduce memory load on the system
#   Increase physical memory or swap space
#   Check if swap backing store is full
#   Decrease Java heap size (-Xmx/-Xms)
#   Decrease number of Java threads
#   Decrease Java thread stack sizes (-Xss)
#   Set larger code cache with -XX:ReservedCodeCacheSize=
#   JVM is running with Unscaled Compressed Oops mode in which the Java heap is
#     placed in the first 4GB address space. The Java Heap base address is the
#     maximum limit for the native heap growth. Please use -XX:HeapBaseMinAddress
#     to set the Java Heap base and to place the Java Heap above 4GB virtual address.
# This output file may be truncated or incomplete.
#
#  Out of Memory Error (virtualSpaceNode.cpp:110), pid=19508, tid=20936
#
# JRE version: Java(TM) SE Runtime Environment (19.0.1+10) (build 19.0.1+10-21)
# Java VM: Java HotSpot(TM) 64-Bit Server VM (19.0.1+10-21, mixed mode, sharing, tiered, compressed oops, compressed class ptrs, g1 gc, windows-amd64)
# No core dump will be written. Minidumps are not enabled by default on client versions of Windows
#

---------------  S U M M A R Y ------------

Command Line: -Dfile.encoding=windows-1252 --module-path=C:\Users\gavio\OneDrive\Escritorio\3s\DPO\EstudiandoInterfaces\bin -XX:+ShowCodeDetailsInExceptionMessages -Djdk.module.main=EstudiandoInterfaces EstudiandoInterfaces/Ventana.Principal

Host: Intel(R) Core(TM) i5-8265U CPU @ 1.60GHz, 8 cores, 3G,  Windows 11 , 64 bit Build 22621 (10.0.22621.1485)
Time: Sun Apr 16 00:13:30 2023 Hora est. Pacífico, Sudamérica elapsed time: 0.784249 seconds (0d 0h 0m 0s)

---------------  T H R E A D  ---------------

Current thread (0x0000016c300e6390):  JavaThread "main" [_thread_in_vm, id=20936, stack(0x00000069f6b00000,0x00000069f6c00000)]

Stack: [0x00000069f6b00000,0x00000069f6c00000]
Native frames: (J=compiled Java code, j=interpreted, Vv=VM code, C=native code)
V  [jvm.dll+0x6ee8fa]
V  [jvm.dll+0x857a1e]
V  [jvm.dll+0x85940e]
V  [jvm.dll+0x859ac3]
V  [jvm.dll+0x28291f]
V  [jvm.dll+0x85369b]
V  [jvm.dll+0x693276]
V  [jvm.dll+0x6932da]
V  [jvm.dll+0x695bd3]
V  [jvm.dll+0x695a9e]
V  [jvm.dll+0x693c9e]
V  [jvm.dll+0x26f4e1]
V  [jvm.dll+0x21e927]
V  [jvm.dll+0x214571]
V  [jvm.dll+0x5aa2d6]
V  [jvm.dll+0x22567a]
V  [jvm.dll+0x7ccb72]
V  [jvm.dll+0x7cdfba]
V  [jvm.dll+0x7ce73d]
V  [jvm.dll+0x21f1e5]
V  [jvm.dll+0x21458a]
V  [jvm.dll+0x5aa2d6]
V  [jvm.dll+0x22567a]
V  [jvm.dll+0x7ccb72]
V  [jvm.dll+0x7cdfba]
V  [jvm.dll+0x7ce2e8]
V  [jvm.dll+0x271d6b]
V  [jvm.dll+0x3da3de]
C  0x0000016c3f5ad31d

Java frames: (J=compiled Java code, j=interpreted, Vv=VM code)
j  sun.awt.windows.WToolkit.createFrame(Ljava/awt/Frame;)Ljava/awt/peer/FramePeer;+0 java.desktop@19.0.1
j  java.awt.Frame.addNotify()V+20 java.desktop@19.0.1
j  java.awt.Window.show()V+8 java.desktop@19.0.1
j  java.awt.Component.show(Z)V+5 java.desktop@19.0.1
j  java.awt.Component.setVisible(Z)V+2 java.desktop@19.0.1
j  java.awt.Window.setVisible(Z)V+2 java.desktop@19.0.1
j  Ventana.Principal.main([Ljava/lang/String;)V+18 EstudiandoInterfaces
v  ~StubRoutines::call_stub 0x0000016c3f58100e

---------------  P R O C E S S  ---------------

Threads class SMR info:
_java_thread_list=0x0000016c507f0540, length=17, elements={
0x0000016c300e6390, 0x0000016c4c1b5000, 0x0000016c4c1b5bd0, 0x0000016c4c1b6c00,
0x0000016c4c1b7730, 0x0000016c4c1be230, 0x0000016c4c1bed00, 0x0000016c4c1c41b0,
0x0000016c4c1c8ce0, 0x0000016c4c1c9e30, 0x0000016c50465960, 0x0000016c50463980,
0x0000016c50463430, 0x0000016c50466400, 0x0000016c50464970, 0x0000016c50462ee0,
0x0000016c50463ed0
}

Java Threads: ( => current thread )
=>0x0000016c300e6390 JavaThread "main" [_thread_in_vm, id=20936, stack(0x00000069f6b00000,0x00000069f6c00000)]
  0x0000016c4c1b5000 JavaThread "Reference Handler" daemon [_thread_blocked, id=21020, stack(0x00000069f7200000,0x00000069f7300000)]
  0x0000016c4c1b5bd0 JavaThread "Finalizer" daemon [_thread_blocked, id=21132, stack(0x00000069f7300000,0x00000069f7400000)]
  0x0000016c4c1b6c00 JavaThread "Signal Dispatcher" daemon [_thread_blocked, id=7396, stack(0x00000069f7400000,0x00000069f7500000)]
  0x0000016c4c1b7730 JavaThread "Attach Listener" daemon [_thread_blocked, id=21204, stack(0x00000069f7500000,0x00000069f7600000)]
  0x0000016c4c1be230 JavaThread "Service Thread" daemon [_thread_blocked, id=17112, stack(0x00000069f7600000,0x00000069f7700000)]
  0x0000016c4c1bed00 JavaThread "Monitor Deflation Thread" daemon [_thread_blocked, id=14920, stack(0x00000069f7700000,0x00000069f7800000)]
  0x0000016c4c1c41b0 JavaThread "C2 CompilerThread0" daemon [_thread_blocked, id=11296, stack(0x00000069f7800000,0x00000069f7900000)]
  0x0000016c4c1c8ce0 JavaThread "C1 CompilerThread0" daemon [_thread_in_vm, id=19756, stack(0x00000069f7900000,0x00000069f7a00000)]
  0x0000016c4c1c9e30 JavaThread "Sweeper thread" daemon [_thread_blocked, id=68, stack(0x00000069f7a00000,0x00000069f7b00000)]
  0x0000016c50465960 JavaThread "Common-Cleaner" daemon [_thread_blocked, id=20404, stack(0x00000069f7b00000,0x00000069f7c00000)]
  0x0000016c50463980 JavaThread "Notification Thread" daemon [_thread_blocked, id=16112, stack(0x00000069f7c00000,0x00000069f7d00000)]
  0x0000016c50463430 JavaThread "Java2D Disposer" daemon [_thread_blocked, id=18668, stack(0x00000069f7e00000,0x00000069f7f00000)]
  0x0000016c50466400 JavaThread "AWT-Shutdown" [_thread_blocked, id=20380, stack(0x00000069f7f00000,0x00000069f8000000)]
  0x0000016c50464970 JavaThread "AWT-Windows" daemon [_thread_in_native, id=8680, stack(0x00000069f8000000,0x00000069f8100000)]
  0x0000016c50462ee0 JavaThread "Image Fetcher 0" daemon [_thread_blocked, id=20160, stack(0x00000069f8100000,0x00000069f8200000)]
  0x0000016c50463ed0 JavaThread "AWT-EventQueue-0" [_thread_blocked, id=12044, stack(0x00000069f8200000,0x00000069f8300000)]

Other Threads:
  0x0000016c4c19a790 VMThread "VM Thread" [stack: 0x00000069f7100000,0x00000069f7200000] [id=19740]
  0x0000016c5047b3b0 WatcherThread "VM Periodic Task Thread" [stack: 0x00000069f7d00000,0x00000069f7e00000] [id=17572]
  0x0000016c30128a90 WorkerThread "GC Thread#0" [stack: 0x00000069f6c00000,0x00000069f6d00000] [id=20484]
  0x0000016c30131430 ConcurrentGCThread "G1 Main Marker" [stack: 0x00000069f6d00000,0x00000069f6e00000] [id=16296]
  0x0000016c30132910 WorkerThread "G1 Conc#0" [stack: 0x00000069f6e00000,0x00000069f6f00000] [id=13496]
  0x0000016c30196ac0 ConcurrentGCThread "G1 Refine#0" [stack: 0x00000069f6f00000,0x00000069f7000000] [id=6656]
  0x0000016c30197600 ConcurrentGCThread "G1 Service" [stack: 0x00000069f7000000,0x00000069f7100000] [id=20184]

Threads with active compile tasks:
C1 CompilerThread0      807  700       3       sun.nio.ch.FileChannelImpl::endBlocking (13 bytes)

VM state: not at safepoint (normal execution)

VM Mutex/Monitor currently owned by a thread:  ([mutex/lock_event])
[0x0000016c2ddfabc0] Metaspace_lock - owner thread: 0x0000016c300e6390
[0x0000016c300e12d0] MethodData_lock - owner thread: 0x0000016c4c1c8ce0

Heap address: 0x00000000c2e00000, size: 978 MB, Compressed Oops mode: 32-bit

CDS archive(s) mapped at: [0x0000000800000000-0x0000000800c40000-0x0000000800c40000), size 12845056, SharedBaseAddress: 0x0000000800000000, ArchiveRelocationMode: 0.
Compressed class space mapped at: 0x0000000801000000-0x0000000841000000, reserved size: 1073741824
Narrow klass base: 0x0000000800000000, Narrow klass shift: 0, Narrow klass range: 0x100000000

GC Precious Log:
 CardTable entry size: 512
 Card Set container configuration: InlinePtr #cards 5 size 8 Array Of Cards #cards 12 size 40 Howl #buckets 4 coarsen threshold 1843 Howl Bitmap #cards 512 size 80 coarsen threshold 460 Card regions per heap region 1 cards per card region 2048
 CPUs: 8 total, 8 available
 Memory: 3910M
 Large Page Support: Disabled
 NUMA Support: Disabled
 Compressed Oops: Enabled (32-bit)
 Heap Region Size: 1M
 Heap Min Capacity: 8M
 Heap Initial Capacity: 62M
 Heap Max Capacity: 978M
 Pre-touch: Disabled
 Parallel Workers: 8
 Concurrent Workers: 2
 Concurrent Refinement Workers: 8
 Periodic GC: Disabled

Heap:
 garbage-first heap   total 63488K, used 6144K [0x00000000c2e00000, 0x0000000100000000)
  region size 1024K, 7 young (7168K), 0 survivors (0K)
 Metaspace       used 7874K, committed 8064K, reserved 1114112K
  class space    used 934K, committed 1024K, reserved 1048576K

Heap Regions: E=young(eden), S=young(survivor), O=old, HS=humongous(starts), HC=humongous(continues), CS=collection set, F=free, OA=open archive, CA=closed archive, TAMS=top-at-mark-start (previous, next)
|   0|0x00000000c2e00000, 0x00000000c2e00000, 0x00000000c2f00000|  0%| F|  |TAMS 0x00000000c2e00000, 0x00000000c2e00000| Untracked 
|   1|0x00000000c2f00000, 0x00000000c2f00000, 0x00000000c3000000|  0%| F|  |TAMS 0x00000000c2f00000, 0x00000000c2f00000| Untracked 
|   2|0x00000000c3000000, 0x00000000c3000000, 0x00000000c3100000|  0%| F|  |TAMS 0x00000000c3000000, 0x00000000c3000000| Untracked 
|   3|0x00000000c3100000, 0x00000000c3100000, 0x00000000c3200000|  0%| F|  |TAMS 0x00000000c3100000, 0x00000000c3100000| Untracked 
|   4|0x00000000c3200000, 0x00000000c3200000, 0x00000000c3300000|  0%| F|  |TAMS 0x00000000c3200000, 0x00000000c3200000| Untracked 
|   5|0x00000000c3300000, 0x00000000c3300000, 0x00000000c3400000|  0%| F|  |TAMS 0x00000000c3300000, 0x00000000c3300000| Untracked 
|   6|0x00000000c3400000, 0x00000000c3400000, 0x00000000c3500000|  0%| F|  |TAMS 0x00000000c3400000, 0x00000000c3400000| Untracked 
|   7|0x00000000c3500000, 0x00000000c3500000, 0x00000000c3600000|  0%| F|  |TAMS 0x00000000c3500000, 0x00000000c3500000| Untracked 
|   8|0x00000000c3600000, 0x00000000c3600000, 0x00000000c3700000|  0%| F|  |TAMS 0x00000000c3600000, 0x00000000c3600000| Untracked 
|   9|0x00000000c3700000, 0x00000000c3700000, 0x00000000c3800000|  0%| F|  |TAMS 0x00000000c3700000, 0x00000000c3700000| Untracked 
|  10|0x00000000c3800000, 0x00000000c3800000, 0x00000000c3900000|  0%| F|  |TAMS 0x00000000c3800000, 0x00000000c3800000| Untracked 
|  11|0x00000000c3900000, 0x00000000c3900000, 0x00000000c3a00000|  0%| F|  |TAMS 0x00000000c3900000, 0x00000000c3900000| Untracked 
|  12|0x00000000c3a00000, 0x00000000c3a00000, 0x00000000c3b00000|  0%| F|  |TAMS 0x00000000c3a00000, 0x00000000c3a00000| Untracked 
|  13|0x00000000c3b00000, 0x00000000c3b00000, 0x00000000c3c00000|  0%| F|  |TAMS 0x00000000c3b00000, 0x00000000c3b00000| Untracked 
|  14|0x00000000c3c00000, 0x00000000c3c00000, 0x00000000c3d00000|  0%| F|  |TAMS 0x00000000c3c00000, 0x00000000c3c00000| Untracked 
|  15|0x00000000c3d00000, 0x00000000c3d00000, 0x00000000c3e00000|  0%| F|  |TAMS 0x00000000c3d00000, 0x00000000c3d00000| Untracked 
|  16|0x00000000c3e00000, 0x00000000c3e00000, 0x00000000c3f00000|  0%| F|  |TAMS 0x00000000c3e00000, 0x00000000c3e00000| Untracked 
|  17|0x00000000c3f00000, 0x00000000c3f00000, 0x00000000c4000000|  0%| F|  |TAMS 0x00000000c3f00000, 0x00000000c3f00000| Untracked 
|  18|0x00000000c4000000, 0x00000000c4000000, 0x00000000c4100000|  0%| F|  |TAMS 0x00000000c4000000, 0x00000000c4000000| Untracked 
|  19|0x00000000c4100000, 0x00000000c4100000, 0x00000000c4200000|  0%| F|  |TAMS 0x00000000c4100000, 0x00000000c4100000| Untracked 
|  20|0x00000000c4200000, 0x00000000c4200000, 0x00000000c4300000|  0%| F|  |TAMS 0x00000000c4200000, 0x00000000c4200000| Untracked 
|  21|0x00000000c4300000, 0x00000000c4300000, 0x00000000c4400000|  0%| F|  |TAMS 0x00000000c4300000, 0x00000000c4300000| Untracked 
|  22|0x00000000c4400000, 0x00000000c4400000, 0x00000000c4500000|  0%| F|  |TAMS 0x00000000c4400000, 0x00000000c4400000| Untracked 
|  23|0x00000000c4500000, 0x00000000c4500000, 0x00000000c4600000|  0%| F|  |TAMS 0x00000000c4500000, 0x00000000c4500000| Untracked 
|  24|0x00000000c4600000, 0x00000000c4600000, 0x00000000c4700000|  0%| F|  |TAMS 0x00000000c4600000, 0x00000000c4600000| Untracked 
|  25|0x00000000c4700000, 0x00000000c4700000, 0x00000000c4800000|  0%| F|  |TAMS 0x00000000c4700000, 0x00000000c4700000| Untracked 
|  26|0x00000000c4800000, 0x00000000c4800000, 0x00000000c4900000|  0%| F|  |TAMS 0x00000000c4800000, 0x00000000c4800000| Untracked 
|  27|0x00000000c4900000, 0x00000000c4900000, 0x00000000c4a00000|  0%| F|  |TAMS 0x00000000c4900000, 0x00000000c4900000| Untracked 
|  28|0x00000000c4a00000, 0x00000000c4a00000, 0x00000000c4b00000|  0%| F|  |TAMS 0x00000000c4a00000, 0x00000000c4a00000| Untracked 
|  29|0x00000000c4b00000, 0x00000000c4b00000, 0x00000000c4c00000|  0%| F|  |TAMS 0x00000000c4b00000, 0x00000000c4b00000| Untracked 
|  30|0x00000000c4c00000, 0x00000000c4c00000, 0x00000000c4d00000|  0%| F|  |TAMS 0x00000000c4c00000, 0x00000000c4c00000| Untracked 
|  31|0x00000000c4d00000, 0x00000000c4d00000, 0x00000000c4e00000|  0%| F|  |TAMS 0x00000000c4d00000, 0x00000000c4d00000| Untracked 
|  32|0x00000000c4e00000, 0x00000000c4e00000, 0x00000000c4f00000|  0%| F|  |TAMS 0x00000000c4e00000, 0x00000000c4e00000| Untracked 
|  33|0x00000000c4f00000, 0x00000000c4f00000, 0x00000000c5000000|  0%| F|  |TAMS 0x00000000c4f00000, 0x00000000c4f00000| Untracked 
|  34|0x00000000c5000000, 0x00000000c5000000, 0x00000000c5100000|  0%| F|  |TAMS 0x00000000c5000000, 0x00000000c5000000| Untracked 
|  35|0x00000000c5100000, 0x00000000c5100000, 0x00000000c5200000|  0%| F|  |TAMS 0x00000000c5100000, 0x00000000c5100000| Untracked 
|  36|0x00000000c5200000, 0x00000000c5200000, 0x00000000c5300000|  0%| F|  |TAMS 0x00000000c5200000, 0x00000000c5200000| Untracked 
|  37|0x00000000c5300000, 0x00000000c5300000, 0x00000000c5400000|  0%| F|  |TAMS 0x00000000c5300000, 0x00000000c5300000| Untracked 
|  38|0x00000000c5400000, 0x00000000c5400000, 0x00000000c5500000|  0%| F|  |TAMS 0x00000000c5400000, 0x00000000c5400000| Untracked 
|  39|0x00000000c5500000, 0x00000000c5500000, 0x00000000c5600000|  0%| F|  |TAMS 0x00000000c5500000, 0x00000000c5500000| Untracked 
|  40|0x00000000c5600000, 0x00000000c5600000, 0x00000000c5700000|  0%| F|  |TAMS 0x00000000c5600000, 0x00000000c5600000| Untracked 
|  41|0x00000000c5700000, 0x00000000c5700000, 0x00000000c5800000|  0%| F|  |TAMS 0x00000000c5700000, 0x00000000c5700000| Untracked 
|  42|0x00000000c5800000, 0x00000000c5800000, 0x00000000c5900000|  0%| F|  |TAMS 0x00000000c5800000, 0x00000000c5800000| Untracked 
|  43|0x00000000c5900000, 0x00000000c5900000, 0x00000000c5a00000|  0%| F|  |TAMS 0x00000000c5900000, 0x00000000c5900000| Untracked 
|  44|0x00000000c5a00000, 0x00000000c5a00000, 0x00000000c5b00000|  0%| F|  |TAMS 0x00000000c5a00000, 0x00000000c5a00000| Untracked 
|  45|0x00000000c5b00000, 0x00000000c5b00000, 0x00000000c5c00000|  0%| F|  |TAMS 0x00000000c5b00000, 0x00000000c5b00000| Untracked 
|  46|0x00000000c5c00000, 0x00000000c5c00000, 0x00000000c5d00000|  0%| F|  |TAMS 0x00000000c5c00000, 0x00000000c5c00000| Untracked 
|  47|0x00000000c5d00000, 0x00000000c5d00000, 0x00000000c5e00000|  0%| F|  |TAMS 0x00000000c5d00000, 0x00000000c5d00000| Untracked 
|  48|0x00000000c5e00000, 0x00000000c5e00000, 0x00000000c5f00000|  0%| F|  |TAMS 0x00000000c5e00000, 0x00000000c5e00000| Untracked 
|  49|0x00000000c5f00000, 0x00000000c5f00000, 0x00000000c6000000|  0%| F|  |TAMS 0x00000000c5f00000, 0x00000000c5f00000| Untracked 
|  50|0x00000000c6000000, 0x00000000c6000000, 0x00000000c6100000|  0%| F|  |TAMS 0x00000000c6000000, 0x00000000c6000000| Untracked 
|  51|0x00000000c6100000, 0x00000000c6100000, 0x00000000c6200000|  0%| F|  |TAMS 0x00000000c6100000, 0x00000000c6100000| Untracked 
|  52|0x00000000c6200000, 0x00000000c6200000, 0x00000000c6300000|  0%| F|  |TAMS 0x00000000c6200000, 0x00000000c6200000| Untracked 
|  53|0x00000000c6300000, 0x00000000c6300000, 0x00000000c6400000|  0%| F|  |TAMS 0x00000000c6300000, 0x00000000c6300000| Untracked 
|  54|0x00000000c6400000, 0x00000000c6400000, 0x00000000c6500000|  0%| F|  |TAMS 0x00000000c6400000, 0x00000000c6400000| Untracked 
|  55|0x00000000c6500000, 0x00000000c65ec110, 0x00000000c6600000| 92%| E|  |TAMS 0x00000000c6500000, 0x00000000c6500000| Complete 
|  56|0x00000000c6600000, 0x00000000c6700000, 0x00000000c6700000|100%| E|CS|TAMS 0x00000000c6600000, 0x00000000c6600000| Complete 
|  57|0x00000000c6700000, 0x00000000c6800000, 0x00000000c6800000|100%| E|CS|TAMS 0x00000000c6700000, 0x00000000c6700000| Complete 
|  58|0x00000000c6800000, 0x00000000c6900000, 0x00000000c6900000|100%| E|CS|TAMS 0x00000000c6800000, 0x00000000c6800000| Complete 
|  59|0x00000000c6900000, 0x00000000c6a00000, 0x00000000c6a00000|100%| E|CS|TAMS 0x00000000c6900000, 0x00000000c6900000| Complete 
|  60|0x00000000c6a00000, 0x00000000c6b00000, 0x00000000c6b00000|100%| E|CS|TAMS 0x00000000c6a00000, 0x00000000c6a00000| Complete 
|  61|0x00000000c6b00000, 0x00000000c6c00000, 0x00000000c6c00000|100%| E|CS|TAMS 0x00000000c6b00000, 0x00000000c6b00000| Complete 

Card table byte_map: [0x0000016c47570000,0x0000016c47760000] _byte_map_base: 0x0000016c46f59000

Marking Bits (Prev, Next): (CMBitMap*) 0x0000016c301290c0, (CMBitMap*) 0x0000016c30129100
 Prev Bits: [0x0000016c47950000, 0x0000016c48898000)
 Next Bits: [0x0000016c488a0000, 0x0000016c497e8000)

Polling page: 0x0000016c2e0c0000

Metaspace:

Usage:
  Non-class:      6.78 MB used.
      Class:    934.62 KB used.
       Both:      7.69 MB used.

Virtual space:
  Non-class space:       64.00 MB reserved,       6.88 MB ( 11%) committed,  1 nodes.
      Class space:        1.00 GB reserved,       1.00 MB ( <1%) committed,  1 nodes.
             Both:        1.06 GB reserved,       7.88 MB ( <1%) committed. 

Chunk freelists:
   Non-Class:  1012.00 KB
       Class:  3.05 MB
        Both:  4.04 MB

MaxMetaspaceSize: unlimited
CompressedClassSpaceSize: 1.00 GB
Initial GC threshold: 21.00 MB
Current GC threshold: 21.00 MB
CDS: on
MetaspaceReclaimPolicy: balanced
 - commit_granule_bytes: 65536.
 - commit_granule_words: 8192.
 - virtual_space_node_default_size: 8388608.
 - enlarge_chunks_in_place: 1.
 - new_chunks_are_fully_committed: 0.
 - uncommit_free_chunks: 1.
 - use_allocation_guard: 0.


Internal statistics:

num_allocs_failed_limit: 0.
num_arena_births: 128.
num_arena_deaths: 0.
num_vsnodes_births: 2.
num_vsnodes_deaths: 0.
num_space_committed: 126.
num_space_uncommitted: 0.
num_chunks_returned_to_freelist: 0.
num_chunks_taken_from_freelist: 150.
num_chunk_merges: 0.
num_chunk_splits: 99.
num_chunks_enlarged: 64.
num_inconsistent_stats: 0.

CodeHeap 'non-profiled nmethods': size=120000Kb used=190Kb max_used=190Kb free=119809Kb
 bounds [0x0000016c3fb20000, 0x0000016c3fd90000, 0x0000016c47050000]
CodeHeap 'profiled nmethods': size=120000Kb used=1009Kb max_used=1009Kb free=118990Kb
 bounds [0x0000016c38050000, 0x0000016c382c0000, 0x0000016c3f580000]
CodeHeap 'non-nmethods': size=5760Kb used=1334Kb max_used=1348Kb free=4426Kb
 bounds [0x0000016c3f580000, 0x0000016c3f7f0000, 0x0000016c3fb20000]
 total_blobs=1268 nmethods=698 adapters=481
 compilation: enabled
              stopped_count=0, restarted_count=0
 full_count=0

Compilation events (20 events):
Event: 0.730 Thread 0x0000016c4c1c8ce0 nmethod 689 0x0000016c38146f90 code [0x0000016c38147200, 0x0000016c38147f98]
Event: 0.730 Thread 0x0000016c4c1c8ce0  690       3       java.nio.MappedByteBuffer::position (8 bytes)
Event: 0.731 Thread 0x0000016c4c1c8ce0 nmethod 690 0x0000016c38148390 code [0x0000016c38148540, 0x0000016c381486e8]
Event: 0.733 Thread 0x0000016c4c1c8ce0  691       3       java.lang.invoke.LambdaForm$MH/0x0000000801010800::invoke (25 bytes)
Event: 0.733 Thread 0x0000016c4c1c8ce0 nmethod 691 0x0000016c38148790 code [0x0000016c38148960, 0x0000016c38148e98]
Event: 0.733 Thread 0x0000016c4c1c8ce0  692       3       jdk.internal.logger.SurrogateLogger::defaultPlatformLevel (4 bytes)
Event: 0.733 Thread 0x0000016c4c1c8ce0 nmethod 692 0x0000016c38148f90 code [0x0000016c38149120, 0x0000016c38149238]
Event: 0.733 Thread 0x0000016c4c1c8ce0  693       3       javax.swing.JComponent::repaint (19 bytes)
Event: 0.734 Thread 0x0000016c4c1c8ce0 nmethod 693 0x0000016c38149310 code [0x0000016c38149520, 0x0000016c38149af8]
Event: 0.734 Thread 0x0000016c4c1c8ce0  694       3       java.lang.invoke.Invokers::maybeCustomize (5 bytes)
Event: 0.734 Thread 0x0000016c4c1c8ce0 nmethod 694 0x0000016c38149d90 code [0x0000016c38149f40, 0x0000016c3814a0e8]
Event: 0.734 Thread 0x0000016c4c1c8ce0  695       3       java.lang.invoke.MethodHandle::maybeCustomize (38 bytes)
Event: 0.734 Thread 0x0000016c4c1c8ce0 nmethod 695 0x0000016c3814a190 code [0x0000016c3814a360, 0x0000016c3814a758]
Event: 0.734 Thread 0x0000016c4c1c8ce0  696       3       java.beans.PropertyChangeEvent::<init> (22 bytes)
Event: 0.734 Thread 0x0000016c4c1c8ce0 nmethod 696 0x0000016c3814a890 code [0x0000016c3814aa60, 0x0000016c3814aea8]
Event: 0.735 Thread 0x0000016c4c1c8ce0  697       3       javax.swing.JComponent::setFlag (34 bytes)
Event: 0.735 Thread 0x0000016c4c1c8ce0 nmethod 697 0x0000016c3814b010 code [0x0000016c3814b1c0, 0x0000016c3814b378]
Event: 0.736 Thread 0x0000016c4c1c8ce0  698   !   3       sun.nio.ch.NativeThreadSet::add (155 bytes)
Event: 0.736 Thread 0x0000016c4c1c8ce0 nmethod 698 0x0000016c3814b410 code [0x0000016c3814b600, 0x0000016c3814bc08]
Event: 0.736 Thread 0x0000016c4c1c8ce0  699   !   3       sun.nio.ch.NativeThreadSet::remove (90 bytes)

GC Heap History (0 events):
No events

Dll operation events (9 events):
Event: 0.021 Loaded shared library C:\Program Files\Java\jdk-19\bin\java.dll
Event: 0.048 Loaded shared library C:\Program Files\Java\jdk-19\bin\jsvml.dll
Event: 0.168 Loaded shared library C:\Program Files\Java\jdk-19\bin\net.dll
Event: 0.173 Loaded shared library C:\Program Files\Java\jdk-19\bin\nio.dll
Event: 0.322 Loaded shared library C:\Program Files\Java\jdk-19\bin\jimage.dll
Event: 0.365 Loaded shared library C:\Program Files\Java\jdk-19\bin\awt.dll
Event: 0.608 Loaded shared library C:\Program Files\Java\jdk-19\bin\zip.dll
Event: 0.647 Loaded shared library C:\Program Files\Java\jdk-19\bin\freetype.dll
Event: 0.648 Loaded shared library C:\Program Files\Java\jdk-19\bin\fontmanager.dll

Deoptimization events (20 events):
Event: 0.279 Thread 0x0000016c300e6390 Uncommon trap: trap_request=0xffffff45 fr.pc=0x0000016c3fb28dc8 relative=0x00000000000000a8
Event: 0.279 Thread 0x0000016c300e6390 Uncommon trap: reason=unstable_if action=reinterpret pc=0x0000016c3fb28dc8 method=java.lang.String.isLatin1()Z @ 10 c2
Event: 0.279 Thread 0x0000016c300e6390 DEOPT PACKING pc=0x0000016c3fb28dc8 sp=0x00000069f6bfed20
Event: 0.279 Thread 0x0000016c300e6390 DEOPT UNPACKING pc=0x0000016c3f5e6da3 sp=0x00000069f6bfec60 mode 2
Event: 0.588 Thread 0x0000016c300e6390 Uncommon trap: trap_request=0xffffffc6 fr.pc=0x0000016c3fb2d500 relative=0x0000000000000a60
Event: 0.588 Thread 0x0000016c300e6390 Uncommon trap: reason=bimorphic_or_optimized_type_check action=maybe_recompile pc=0x0000016c3fb2d500 method=java.util.HashMap.putVal(ILjava/lang/Object;Ljava/lang/Object;ZZ)Ljava/lang/Object; @ 56 c2
Event: 0.588 Thread 0x0000016c300e6390 DEOPT PACKING pc=0x0000016c3fb2d500 sp=0x00000069f6bfe9a0
Event: 0.588 Thread 0x0000016c300e6390 DEOPT UNPACKING pc=0x0000016c3f5e6da3 sp=0x00000069f6bfe928 mode 2
Event: 0.588 Thread 0x0000016c300e6390 Uncommon trap: trap_request=0xffffffc6 fr.pc=0x0000016c3fb2d500 relative=0x0000000000000a60
Event: 0.588 Thread 0x0000016c300e6390 Uncommon trap: reason=bimorphic_or_optimized_type_check action=maybe_recompile pc=0x0000016c3fb2d500 method=java.util.HashMap.putVal(ILjava/lang/Object;Ljava/lang/Object;ZZ)Ljava/lang/Object; @ 56 c2
Event: 0.588 Thread 0x0000016c300e6390 DEOPT PACKING pc=0x0000016c3fb2d500 sp=0x00000069f6bfe9a0
Event: 0.588 Thread 0x0000016c300e6390 DEOPT UNPACKING pc=0x0000016c3f5e6da3 sp=0x00000069f6bfe928 mode 2
Event: 0.588 Thread 0x0000016c300e6390 Uncommon trap: trap_request=0xffffffc6 fr.pc=0x0000016c3fb2d500 relative=0x0000000000000a60
Event: 0.588 Thread 0x0000016c300e6390 Uncommon trap: reason=bimorphic_or_optimized_type_check action=maybe_recompile pc=0x0000016c3fb2d500 method=java.util.HashMap.putVal(ILjava/lang/Object;Ljava/lang/Object;ZZ)Ljava/lang/Object; @ 56 c2
Event: 0.588 Thread 0x0000016c300e6390 DEOPT PACKING pc=0x0000016c3fb2d500 sp=0x00000069f6bfe9a0
Event: 0.588 Thread 0x0000016c300e6390 DEOPT UNPACKING pc=0x0000016c3f5e6da3 sp=0x00000069f6bfe928 mode 2
Event: 0.588 Thread 0x0000016c300e6390 Uncommon trap: trap_request=0xffffffc6 fr.pc=0x0000016c3fb2d500 relative=0x0000000000000a60
Event: 0.588 Thread 0x0000016c300e6390 Uncommon trap: reason=bimorphic_or_optimized_type_check action=maybe_recompile pc=0x0000016c3fb2d500 method=java.util.HashMap.putVal(ILjava/lang/Object;Ljava/lang/Object;ZZ)Ljava/lang/Object; @ 56 c2
Event: 0.588 Thread 0x0000016c300e6390 DEOPT PACKING pc=0x0000016c3fb2d500 sp=0x00000069f6bfe9a0
Event: 0.588 Thread 0x0000016c300e6390 DEOPT UNPACKING pc=0x0000016c3f5e6da3 sp=0x00000069f6bfe928 mode 2

Classes loaded (20 events):
Event: 0.717 Loading class javax/swing/event/ListDataEvent
Event: 0.717 Loading class javax/swing/event/ListDataEvent done
Event: 0.717 Loading class sun/awt/dnd/SunDropTargetEvent
Event: 0.717 Loading class sun/awt/dnd/SunDropTargetEvent done
Event: 0.717 Loading class java/awt/event/FocusEvent
Event: 0.718 Loading class java/awt/event/FocusEvent done
Event: 0.718 Loading class java/awt/event/ContainerEvent
Event: 0.718 Loading class java/awt/event/ContainerEvent done
Event: 0.718 Loading class javax/swing/event/AncestorEvent
Event: 0.718 Loading class javax/swing/event/AncestorEvent done
Event: 0.720 Loading class java/awt/event/ItemEvent
Event: 0.720 Loading class java/awt/event/ItemEvent done
Event: 0.736 Loading class sun/awt/windows/WFramePeer
Event: 0.736 Loading class java/awt/peer/FramePeer
Event: 0.736 Loading class java/awt/peer/WindowPeer
Event: 0.736 Loading class java/awt/peer/ContainerPeer
Event: 0.736 Loading class java/awt/peer/ContainerPeer done
Event: 0.736 Loading class java/awt/peer/WindowPeer done
Event: 0.736 Loading class java/awt/peer/FramePeer done
Event: 0.736 Loading class sun/awt/windows/WWindowPeer

Classes unloaded (0 events):
No events

Classes redefined (0 events):
No events

Internal exceptions (13 events):
Event: 0.206 Thread 0x0000016c300e6390 Exception <a 'java/lang/NoSuchMethodError'{0x00000000c6a350a0}: 'void java.lang.invoke.DirectMethodHandle$Holder.invokeVirtual(java.lang.Object, java.lang.Object)'> (0x00000000c6a350a0) 
thrown [s\open\src\hotspot\share\interpreter\linkResolver.cpp, line 774]
Event: 0.328 Thread 0x0000016c300e6390 Exception <a 'sun/nio/fs/WindowsException'{0x00000000c695ad78}> (0x00000000c695ad78) 
thrown [s\open\src\hotspot\share\prims\jni.cpp, line 517]
Event: 0.339 Thread 0x0000016c300e6390 Exception <a 'java/lang/ClassNotFoundException'{0x00000000c6960f38}: sun/awt/resources/spi/awtProvider> (0x00000000c6960f38) 
thrown [s\open\src\hotspot\share\classfile\systemDictionary.cpp, line 255]
Event: 0.384 Thread 0x0000016c300e6390 Exception <a 'java/io/FileNotFoundException'{0x00000000c69b7ae0}> (0x00000000c69b7ae0) 
thrown [s\open\src\hotspot\share\prims\jni.cpp, line 517]
Event: 0.393 Thread 0x0000016c300e6390 Exception <a 'java/io/FileNotFoundException'{0x00000000c69e40b0}> (0x00000000c69e40b0) 
thrown [s\open\src\hotspot\share\prims\jni.cpp, line 517]
Event: 0.444 Thread 0x0000016c300e6390 Exception <a 'java/lang/NoSuchMethodError'{0x00000000c68298a8}: 'java.lang.Object java.lang.invoke.DirectMethodHandle$Holder.invokeStaticInit(java.lang.Object)'> (0x00000000c68298a8) 
thrown [s\open\src\hotspot\share\interpreter\linkResolver.cpp, line 774]
Event: 0.535 Thread 0x0000016c300e6390 Exception <a 'java/lang/NoSuchMethodError'{0x00000000c6707de0}: 'void java.lang.invoke.DirectMethodHandle$Holder.invokeSpecial(java.lang.Object, java.lang.Object, java.lang.Object)'> (0x00000000c6707de0) 
thrown [s\open\src\hotspot\share\interpreter\linkResolver.cpp, line 774]
Event: 0.544 Thread 0x0000016c300e6390 Exception <a 'java/lang/NoSuchMethodError'{0x00000000c6732848}: 'java.lang.Object java.lang.invoke.DirectMethodHandle$Holder.newInvokeSpecial(java.lang.Object, java.lang.Object, java.lang.Object, java.lang.Object, java.lang.Object)'> (0x00000000c6732848) 
thrown [s\open\src\hotspot\share\interpreter\linkResolver.cpp, line 774]
Event: 0.554 Thread 0x0000016c300e6390 Exception <a 'java/lang/NoSuchMethodError'{0x00000000c6763fb8}: 'java.lang.Object java.lang.invoke.DirectMethodHandle$Holder.invokeStatic(java.lang.Object, int, java.lang.Object)'> (0x00000000c6763fb8) 
thrown [s\open\src\hotspot\share\interpreter\linkResolver.cpp, line 774]
Event: 0.587 Thread 0x0000016c300e6390 Exception <a 'java/lang/ClassNotFoundException'{0x00000000c661ff28}: com/sun/swing/internal/plaf/metal/resources/spi/metalProvider> (0x00000000c661ff28) 
thrown [s\open\src\hotspot\share\classfile\systemDictionary.cpp, line 255]
Event: 0.589 Thread 0x0000016c300e6390 Exception <a 'java/lang/ClassNotFoundException'{0x00000000c6623ef8}: com/sun/swing/internal/plaf/basic/resources/spi/basicProvider> (0x00000000c6623ef8) 
thrown [s\open\src\hotspot\share\classfile\systemDictionary.cpp, line 255]
Event: 0.597 Thread 0x0000016c300e6390 Exception <a 'java/lang/NoSuchMethodError'{0x00000000c6643bb8}: 'int java.lang.invoke.Invokers$Holder.invokeExact_MT(java.lang.Object, java.lang.Object)'> (0x00000000c6643bb8) 
thrown [s\open\src\hotspot\share\interpreter\linkResolver.cpp, line 774]
Event: 0.610 Thread 0x0000016c50462ee0 Exception <a 'java/lang/NoSuchMethodError'{0x00000000c66852b8}: 'java.lang.Object java.lang.invoke.DirectMethodHandle$Holder.newInvokeSpecial(java.lang.Object, java.lang.Object, java.lang.Object, int, int, int, int, int)'> (0x00000000c66852b8) 
thrown [s\open\src\hotspot\share\interpreter\linkResolver.cpp, line 774]

VM Operations (6 events):
Event: 0.238 Executing VM operation: HandshakeAllThreads
Event: 0.239 Executing VM operation: HandshakeAllThreads done
Event: 0.403 Executing VM operation: HandshakeAllThreads
Event: 0.403 Executing VM operation: HandshakeAllThreads done
Event: 0.618 Executing VM operation: HandshakeAllThreads
Event: 0.618 Executing VM operation: HandshakeAllThreads done

Events (17 events):
Event: 0.049 Thread 0x0000016c300e6390 Thread added: 0x0000016c300e6390
Event: 0.083 Thread 0x0000016c4c1b5000 Thread added: 0x0000016c4c1b5000
Event: 0.083 Thread 0x0000016c4c1b5bd0 Thread added: 0x0000016c4c1b5bd0
Event: 0.084 Thread 0x0000016c4c1b6c00 Thread added: 0x0000016c4c1b6c00
Event: 0.084 Thread 0x0000016c4c1b7730 Thread added: 0x0000016c4c1b7730
Event: 0.085 Thread 0x0000016c4c1be230 Thread added: 0x0000016c4c1be230
Event: 0.085 Thread 0x0000016c4c1bed00 Thread added: 0x0000016c4c1bed00
Event: 0.085 Thread 0x0000016c4c1c41b0 Thread added: 0x0000016c4c1c41b0
Event: 0.085 Thread 0x0000016c4c1c8ce0 Thread added: 0x0000016c4c1c8ce0
Event: 0.086 Thread 0x0000016c4c1c9e30 Thread added: 0x0000016c4c1c9e30
Event: 0.153 Thread 0x0000016c50465960 Thread added: 0x0000016c50465960
Event: 0.274 Thread 0x0000016c50463980 Thread added: 0x0000016c50463980
Event: 0.445 Thread 0x0000016c50463430 Thread added: 0x0000016c50463430
Event: 0.446 Thread 0x0000016c50466400 Thread added: 0x0000016c50466400
Event: 0.448 Thread 0x0000016c50464970 Thread added: 0x0000016c50464970
Event: 0.606 Thread 0x0000016c50462ee0 Thread added: 0x0000016c50462ee0
Event: 0.711 Thread 0x0000016c50463ed0 Thread added: 0x0000016c50463ed0


Dynamic libraries:
0x00007ff7356c0000 - 0x00007ff7356d0000 	C:\Program Files\Java\jdk-19\bin\javaw.exe
0x00007ffbf18f0000 - 0x00007ffbf1b04000 	C:\WINDOWS\SYSTEM32\ntdll.dll
0x00007ffbf0970000 - 0x00007ffbf0a32000 	C:\WINDOWS\System32\KERNEL32.DLL
0x00007ffbeee20000 - 0x00007ffbef1bc000 	C:\WINDOWS\System32\KERNELBASE.dll
0x00007ffbef290000 - 0x00007ffbef3a1000 	C:\WINDOWS\System32\ucrtbase.dll
0x00007ffbe8970000 - 0x00007ffbe8988000 	C:\Program Files\Java\jdk-19\bin\jli.dll
0x00007ffbe6840000 - 0x00007ffbe685b000 	C:\Program Files\Java\jdk-19\bin\VCRUNTIME140.dll
0x00007ffbf1500000 - 0x00007ffbf15ae000 	C:\WINDOWS\System32\ADVAPI32.dll
0x00007ffbf1800000 - 0x00007ffbf18a7000 	C:\WINDOWS\System32\msvcrt.dll
0x00007ffbf08c0000 - 0x00007ffbf0964000 	C:\WINDOWS\System32\sechost.dll
0x00007ffbf1260000 - 0x00007ffbf1377000 	C:\WINDOWS\System32\RPCRT4.dll
0x00007ffbf0a40000 - 0x00007ffbf0beb000 	C:\WINDOWS\System32\USER32.dll
0x00007ffbef1c0000 - 0x00007ffbef1e6000 	C:\WINDOWS\System32\win32u.dll
0x00007ffbe3880000 - 0x00007ffbe3b0e000 	C:\WINDOWS\WinSxS\amd64_microsoft.windows.common-controls_6595b64144ccf1df_6.0.22621.608_none_a9444ca7c10bb01d\COMCTL32.dll
0x00007ffbf0720000 - 0x00007ffbf0749000 	C:\WINDOWS\System32\GDI32.dll
0x00007ffbef470000 - 0x00007ffbef583000 	C:\WINDOWS\System32\gdi32full.dll
0x00007ffbef1f0000 - 0x00007ffbef28a000 	C:\WINDOWS\System32\msvcp_win.dll
0x00007ffbe67a0000 - 0x00007ffbe67aa000 	C:\WINDOWS\SYSTEM32\VERSION.dll
0x00007ffbf0880000 - 0x00007ffbf08b1000 	C:\WINDOWS\System32\IMM32.DLL
0x00007ffbe7310000 - 0x00007ffbe731c000 	C:\Program Files\Java\jdk-19\bin\vcruntime140_1.dll
0x00007ffbe0d20000 - 0x00007ffbe0dae000 	C:\Program Files\Java\jdk-19\bin\msvcp140.dll
0x00007ffba2550000 - 0x00007ffba3210000 	C:\Program Files\Java\jdk-19\bin\server\jvm.dll
0x00007ffbe12c0000 - 0x00007ffbe12c9000 	C:\WINDOWS\SYSTEM32\WSOCK32.dll
0x00007ffbe7b90000 - 0x00007ffbe7bc4000 	C:\WINDOWS\SYSTEM32\WINMM.dll
0x00007ffbf1380000 - 0x00007ffbf13f1000 	C:\WINDOWS\System32\WS2_32.dll
0x00007ffbedd80000 - 0x00007ffbedd98000 	C:\WINDOWS\SYSTEM32\kernel.appcore.dll
0x00007ffbe7240000 - 0x00007ffbe724a000 	C:\Program Files\Java\jdk-19\bin\jimage.dll
0x00007ffbea360000 - 0x00007ffbea58e000 	C:\WINDOWS\SYSTEM32\DBGHELP.DLL
0x00007ffbef820000 - 0x00007ffbefba9000 	C:\WINDOWS\System32\combase.dll
0x00007ffbf15b0000 - 0x00007ffbf1687000 	C:\WINDOWS\System32\OLEAUT32.dll
0x00007ffbe6fc0000 - 0x00007ffbe6ff2000 	C:\WINDOWS\SYSTEM32\dbgcore.DLL
0x00007ffbeed30000 - 0x00007ffbeedab000 	C:\WINDOWS\System32\bcryptPrimitives.dll
0x00007ffbe1ab0000 - 0x00007ffbe1ad6000 	C:\Program Files\Java\jdk-19\bin\java.dll
0x00007ffbc91a0000 - 0x00007ffbc9277000 	C:\Program Files\Java\jdk-19\bin\jsvml.dll
0x00007ffbefcc0000 - 0x00007ffbf04b0000 	C:\WINDOWS\System32\SHELL32.dll
0x00007ffbecd40000 - 0x00007ffbed60d000 	C:\WINDOWS\SYSTEM32\windows.storage.dll
0x00007ffbecc00000 - 0x00007ffbecd3e000 	C:\WINDOWS\SYSTEM32\wintypes.dll
0x00007ffbefbc0000 - 0x00007ffbefcb1000 	C:\WINDOWS\System32\SHCORE.dll
0x00007ffbf07a0000 - 0x00007ffbf07fe000 	C:\WINDOWS\System32\shlwapi.dll
0x00007ffbeec60000 - 0x00007ffbeec81000 	C:\WINDOWS\SYSTEM32\profapi.dll
0x00007ffbe1a90000 - 0x00007ffbe1aa3000 	C:\Program Files\Java\jdk-19\bin\net.dll
0x00007ffbe90e0000 - 0x00007ffbe9217000 	C:\WINDOWS\SYSTEM32\WINHTTP.dll
0x00007ffbee1f0000 - 0x00007ffbee259000 	C:\WINDOWS\system32\mswsock.dll
0x00007ffbe1a70000 - 0x00007ffbe1a86000 	C:\Program Files\Java\jdk-19\bin\nio.dll
0x00007ffbac8a0000 - 0x00007ffbaca31000 	C:\Program Files\Java\jdk-19\bin\awt.dll
0x00007ffbec140000 - 0x00007ffbec1d6000 	C:\WINDOWS\SYSTEM32\apphelp.dll
0x00007ffbec760000 - 0x00007ffbec78b000 	C:\WINDOWS\system32\DWMAPI.DLL
0x00007ffbec350000 - 0x00007ffbec3fb000 	C:\WINDOWS\system32\uxtheme.dll
0x00007ffbc78d0000 - 0x00007ffbc79d0000 	C:\WINDOWS\system32\opengl32.dll
0x00007ffbc8720000 - 0x00007ffbc874d000 	C:\WINDOWS\SYSTEM32\GLU32.dll
0x00007ffbec430000 - 0x00007ffbec466000 	C:\WINDOWS\SYSTEM32\dxcore.dll
0x00007ffbef700000 - 0x00007ffbef81e000 	C:\WINDOWS\System32\MSCTF.dll
0x00007ffbf0c40000 - 0x00007ffbf0ddc000 	C:\WINDOWS\System32\ole32.dll
0x00007ffbe0d00000 - 0x00007ffbe0d18000 	C:\Program Files\Java\jdk-19\bin\zip.dll
0x00007ffbc9d80000 - 0x00007ffbc9e06000 	C:\Program Files\Java\jdk-19\bin\freetype.dll
0x00007ffbbcae0000 - 0x00007ffbbcba5000 	C:\Program Files\Java\jdk-19\bin\fontmanager.dll

dbghelp: loaded successfully - version: 4.0.5 - missing functions: none
symbol engine: initialized successfully - sym options: 0x614 - pdb path: .;C:\Program Files\Java\jdk-19\bin;C:\WINDOWS\SYSTEM32;C:\WINDOWS\WinSxS\amd64_microsoft.windows.common-controls_6595b64144ccf1df_6.0.22621.608_none_a9444ca7c10bb01d;C:\Program Files\Java\jdk-19\bin\server

VM Arguments:
jvm_args: -Dfile.encoding=windows-1252 --module-path=C:\Users\gavio\OneDrive\Escritorio\3s\DPO\EstudiandoInterfaces\bin -XX:+ShowCodeDetailsInExceptionMessages -Djdk.module.main=EstudiandoInterfaces 
java_command: EstudiandoInterfaces/Ventana.Principal
java_class_path (initial): <not set>
Launcher Type: SUN_STANDARD

[Global flags]
     intx CICompilerCount                          = 4                                         {product} {ergonomic}
     uint ConcGCThreads                            = 2                                         {product} {ergonomic}
     uint G1ConcRefinementThreads                  = 8                                         {product} {ergonomic}
   size_t G1HeapRegionSize                         = 1048576                                   {product} {ergonomic}
    uintx GCDrainStackTargetSize                   = 64                                        {product} {ergonomic}
   size_t InitialHeapSize                          = 65011712                                  {product} {ergonomic}
   size_t MarkStackSize                            = 4194304                                   {product} {ergonomic}
   size_t MaxHeapSize                              = 1025507328                                {product} {ergonomic}
   size_t MaxNewSize                               = 614465536                                 {product} {ergonomic}
   size_t MinHeapDeltaBytes                        = 1048576                                   {product} {ergonomic}
   size_t MinHeapSize                              = 8388608                                   {product} {ergonomic}
    uintx NonNMethodCodeHeapSize                   = 5839372                                {pd product} {ergonomic}
    uintx NonProfiledCodeHeapSize                  = 122909434                              {pd product} {ergonomic}
    uintx ProfiledCodeHeapSize                     = 122909434                              {pd product} {ergonomic}
    uintx ReservedCodeCacheSize                    = 251658240                              {pd product} {ergonomic}
     bool SegmentedCodeCache                       = true                                      {product} {ergonomic}
     bool ShowCodeDetailsInExceptionMessages       = true                                   {manageable} {command line}
   size_t SoftMaxHeapSize                          = 1025507328                             {manageable} {ergonomic}
     bool UseCompressedClassPointers               = true                           {product lp64_product} {ergonomic}
     bool UseCompressedOops                        = true                           {product lp64_product} {ergonomic}
     bool UseG1GC                                  = true                                      {product} {ergonomic}
     bool UseLargePagesIndividualAllocation        = false                                  {pd product} {ergonomic}

Logging:
Log output configuration:
 #0: stdout all=warning uptime,level,tags foldmultilines=false
 #1: stderr all=off uptime,level,tags foldmultilines=false

Environment Variables:
JAVA_HOME=C:\Program Files\Java\jdk-19
PATH=C:\Program Files\Common Files\Oracle\Java\javapath;C:\Program Files (x86)\Common Files\Oracle\Java\javapath;C:\WINDOWS\system32;C:\WINDOWS;C:\WINDOWS\System32\Wbem;C:\WINDOWS\System32\WindowsPowerShell\v1.0\;C:\WINDOWS\System32\OpenSSH\;C:\Program Files\Intel\WiFi\bin\;C:\Program Files\Common Files\Intel\WirelessCommon\;C:\Program Files\Git\cmd;C:\Program Files\gs\gs9.56.1\bin;C:\Program Files\Java\jdk-19\bin;C:\MinGW\bin;C:\Users\gavio\anaconda3;C:\Users\gavio\anaconda3\Library\mingw-w64\bin;C:\Users\gavio\anaconda3\Library\usr\bin;C:\Users\gavio\anaconda3\Library\bin;C:\Users\gavio\anaconda3\Scripts;C:\Users\gavio\AppData\Local\Programs\Python\Python39\Scripts\;C:\Users\gavio\AppData\Local\Programs\Python\Python39\;C:\Users\gavio\AppData\Local\Microsoft\WindowsApps;C:\Users\gavio\AppData\Local\Programs\Microsoft VS Code\bin;C:\Users\gavio\AppData\Local\Programs\MiKTeX\miktex\bin\x64\;
USERNAME=Gabriela
OS=Windows_NT
PROCESSOR_IDENTIFIER=Intel64 Family 6 Model 142 Stepping 12, GenuineIntel
TMP=C:\Users\gavio\AppData\Local\Temp
TEMP=C:\Users\gavio\AppData\Local\Temp



---------------  S Y S T E M  ---------------

OS:
 Windows 11 , 64 bit Build 22621 (10.0.22621.1485)
OS uptime: 2 days 20:40 hours

CPU: total 8 (initial active 8) (4 cores per cpu, 2 threads per core) family 6 model 142 stepping 12 microcode 0xde, cx8, cmov, fxsr, ht, mmx, 3dnowpref, sse, sse2, sse3, ssse3, sse4.1, sse4.2, popcnt, lzcnt, tsc, tscinvbit, avx, avx2, aes, erms, clmul, bmi1, bmi2, adx, fma, vzeroupper, clflush, clflushopt, rdtscp

Memory: 4k page, system-wide physical 3910M (204M free)
TotalPageFile size 15686M (AvailPageFile size 0M)
current process WorkingSet (physical memory assigned to process): 52M, peak: 52M
current process commit charge ("private bytes"): 153M, peak: 153M

vm_info: Java HotSpot(TM) 64-Bit Server VM (19.0.1+10-21) for windows-amd64 JRE (19.0.1+10-21), built on 2022-09-14T12:45:06Z by "mach5one" with MS VC++ 17.1 (VS2022)

END.
