#
# There is insufficient memory for the Java Runtime Environment to continue.
# Native memory allocation (mmap) failed to map 65536 bytes for Failed to commit metaspace.
# Possible reasons:
#   The system is out of physical RAM or swap space
#   The process is running with CompressedOops enabled, and the Java Heap may be blocking the growth of the native heap
# Possible solutions:
#   Reduce memory load on the system
#   Increase physical memory or swap space
#   Check if swap backing store is full
#   Decrease Java heap size (-Xmx/-Xms)
#   Decrease number of Java threads
#   Decrease Java thread stack sizes (-Xss)
#   Set larger code cache with -XX:ReservedCodeCacheSize=
#   JVM is running with Unscaled Compressed Oops mode in which the Java heap is
#     placed in the first 4GB address space. The Java Heap base address is the
#     maximum limit for the native heap growth. Please use -XX:HeapBaseMinAddress
#     to set the Java Heap base and to place the Java Heap above 4GB virtual address.
# This output file may be truncated or incomplete.
#
#  Out of Memory Error (virtualSpaceNode.cpp:110), pid=8356, tid=13024
#
# JRE version: Java(TM) SE Runtime Environment (19.0.1+10) (build 19.0.1+10-21)
# Java VM: Java HotSpot(TM) 64-Bit Server VM (19.0.1+10-21, mixed mode, sharing, tiered, compressed oops, compressed class ptrs, g1 gc, windows-amd64)
# No core dump will be written. Minidumps are not enabled by default on client versions of Windows
#

---------------  S U M M A R Y ------------

Command Line: -Dfile.encoding=windows-1252 --module-path=C:\Users\gavio\OneDrive\Escritorio\3s\DPO\EstudiandoInterfaces\bin -XX:+ShowCodeDetailsInExceptionMessages -Djdk.module.main=EstudiandoInterfaces EstudiandoInterfaces/Ventana.Principal

Host: Intel(R) Core(TM) i5-8265U CPU @ 1.60GHz, 8 cores, 3G,  Windows 11 , 64 bit Build 22621 (10.0.22621.1485)
Time: Sun Apr 16 00:13:21 2023 Hora est. Pacífico, Sudamérica elapsed time: 0.915595 seconds (0d 0h 0m 0s)

---------------  T H R E A D  ---------------

Current thread (0x0000017cb1667c00):  JavaThread "main" [_thread_in_vm, id=13024, stack(0x0000000efdd00000,0x0000000efde00000)]

Stack: [0x0000000efdd00000,0x0000000efde00000]
Native frames: (J=compiled Java code, j=interpreted, Vv=VM code, C=native code)
V  [jvm.dll+0x6ee8fa]
V  [jvm.dll+0x857a1e]
V  [jvm.dll+0x85940e]
V  [jvm.dll+0x859ac3]
V  [jvm.dll+0x28291f]
V  [jvm.dll+0x85369b]
V  [jvm.dll+0x693276]
V  [jvm.dll+0x1f29b7]
V  [jvm.dll+0x695cb2]
V  [jvm.dll+0x695a9e]
V  [jvm.dll+0x693c9e]
V  [jvm.dll+0x6a52a9]
V  [jvm.dll+0x69e5f4]
V  [jvm.dll+0x3dac31]
C  0x0000017cc22ee8ab

Java frames: (J=compiled Java code, j=interpreted, Vv=VM code)
j  sun.font.CompositeFont.<init>(Ljava/lang/String;[Ljava/lang/String;[Ljava/lang/String;I[I[IZLsun/font/SunFontManager;)V+0 java.desktop@19.0.1
j  sun.font.SunFontManager.registerCompositeFont(Ljava/lang/String;[Ljava/lang/String;[Ljava/lang/String;I[I[IZ)V+16 java.desktop@19.0.1
j  sun.font.SunFontManager.initCompositeFonts(Lsun/awt/FontConfiguration;Ljava/util/concurrent/ConcurrentHashMap;)V+271 java.desktop@19.0.1
j  sun.font.SunFontManager$2.run()Ljava/lang/Void;+539 java.desktop@19.0.1
j  sun.font.SunFontManager$2.run()Ljava/lang/Object;+1 java.desktop@19.0.1
j  java.security.AccessController.executePrivileged(Ljava/security/PrivilegedAction;Ljava/security/AccessControlContext;Ljava/lang/Class;)Ljava/lang/Object;+29 java.base@19.0.1
j  java.security.AccessController.doPrivileged(Ljava/security/PrivilegedAction;)Ljava/lang/Object;+5 java.base@19.0.1
j  sun.font.SunFontManager.<init>()V+208 java.desktop@19.0.1
j  sun.awt.Win32FontManager.<init>()V+1 java.desktop@19.0.1
j  sun.font.PlatformFontInfo.createFontManager()Lsun/font/FontManager;+4 java.desktop@19.0.1
j  sun.font.FontManagerFactory.getInstance()Lsun/font/FontManager;+21 java.desktop@19.0.1
j  sun.font.SunFontManager.getInstance()Lsun/font/SunFontManager;+0 java.desktop@19.0.1
j  sun.font.FontDesignMetrics.getMetrics(Ljava/awt/Font;Ljava/awt/font/FontRenderContext;)Lsun/font/FontDesignMetrics;+0 java.desktop@19.0.1
j  sun.swing.SwingUtilities2.getFontMetrics(Ljavax/swing/JComponent;Ljava/awt/Font;)Ljava/awt/FontMetrics;+15 java.desktop@19.0.1
j  javax.swing.JComponent.getFontMetrics(Ljava/awt/Font;)Ljava/awt/FontMetrics;+2 java.desktop@19.0.1
j  javax.swing.text.PlainView.calculateLongestLine()V+19 java.desktop@19.0.1
j  javax.swing.text.PlainView.updateMetrics()V+50 java.desktop@19.0.1
j  javax.swing.text.PlainView.updateDamage(Ljavax/swing/event/DocumentEvent;Ljava/awt/Shape;Ljavax/swing/text/ViewFactory;)V+7 java.desktop@19.0.1
j  javax.swing.text.PlainView.insertUpdate(Ljavax/swing/event/DocumentEvent;Ljava/awt/Shape;Ljavax/swing/text/ViewFactory;)V+4 java.desktop@19.0.1
j  javax.swing.text.FieldView.insertUpdate(Ljavax/swing/event/DocumentEvent;Ljava/awt/Shape;Ljavax/swing/text/ViewFactory;)V+8 java.desktop@19.0.1
j  javax.swing.plaf.basic.BasicTextUI$RootView.insertUpdate(Ljavax/swing/event/DocumentEvent;Ljava/awt/Shape;Ljavax/swing/text/ViewFactory;)V+14 java.desktop@19.0.1
j  javax.swing.plaf.basic.BasicTextUI$UpdateHandler.insertUpdate(Ljavax/swing/event/DocumentEvent;)V+101 java.desktop@19.0.1
j  javax.swing.text.AbstractDocument.fireInsertUpdate(Ljavax/swing/event/DocumentEvent;)V+39 java.desktop@19.0.1
j  javax.swing.text.AbstractDocument.handleInsertString(ILjava/lang/String;Ljavax/swing/text/AttributeSet;)V+150 java.desktop@19.0.1
j  javax.swing.text.AbstractDocument.insertString(ILjava/lang/String;Ljavax/swing/text/AttributeSet;)V+69 java.desktop@19.0.1
j  javax.swing.text.PlainDocument.insertString(ILjava/lang/String;Ljavax/swing/text/AttributeSet;)V+104 java.desktop@19.0.1
j  javax.swing.text.AbstractDocument.replace(IILjava/lang/String;Ljavax/swing/text/AttributeSet;)V+74 java.desktop@19.0.1
j  javax.swing.text.JTextComponent.setText(Ljava/lang/String;)V+25 java.desktop@19.0.1
j  javax.swing.JTextField.<init>(Ljavax/swing/text/Document;Ljava/lang/String;I)V+77 java.desktop@19.0.1
j  javax.swing.JTextField.<init>(Ljava/lang/String;)V+4 java.desktop@19.0.1
j  Ventana.Ventana.botonesyTxtField()V+83 EstudiandoInterfaces
j  Ventana.Ventana.<init>()V+51 EstudiandoInterfaces
j  Ventana.Principal.main([Ljava/lang/String;)V+4 EstudiandoInterfaces
v  ~StubRoutines::call_stub 0x0000017cc22d100e

---------------  P R O C E S S  ---------------

Threads class SMR info:
_java_thread_list=0x0000017cd44b4530, length=16, elements={
0x0000017cb1667c00, 0x0000017ccf682420, 0x0000017ccf683100, 0x0000017ccf68a090,
0x0000017ccf68a5d0, 0x0000017ccf68d2c0, 0x0000017ccf6affc0, 0x0000017ccf6bf8e0,
0x0000017ccf6c2610, 0x0000017ccf6d2b70, 0x0000017cd39ac200, 0x0000017cd39adc90,
0x0000017cd39aacc0, 0x0000017cd39ab210, 0x0000017cd39ad740, 0x0000017cd39ac750
}

Java Threads: ( => current thread )
=>0x0000017cb1667c00 JavaThread "main" [_thread_in_vm, id=13024, stack(0x0000000efdd00000,0x0000000efde00000)]
  0x0000017ccf682420 JavaThread "Reference Handler" daemon [_thread_blocked, id=19548, stack(0x0000000efe400000,0x0000000efe500000)]
  0x0000017ccf683100 JavaThread "Finalizer" daemon [_thread_blocked, id=4828, stack(0x0000000efe500000,0x0000000efe600000)]
  0x0000017ccf68a090 JavaThread "Signal Dispatcher" daemon [_thread_blocked, id=16772, stack(0x0000000efe600000,0x0000000efe700000)]
  0x0000017ccf68a5d0 JavaThread "Attach Listener" daemon [_thread_blocked, id=20188, stack(0x0000000efe700000,0x0000000efe800000)]
  0x0000017ccf68d2c0 JavaThread "Service Thread" daemon [_thread_blocked, id=19560, stack(0x0000000efe800000,0x0000000efe900000)]
  0x0000017ccf6affc0 JavaThread "Monitor Deflation Thread" daemon [_thread_blocked, id=15792, stack(0x0000000efe900000,0x0000000efea00000)]
  0x0000017ccf6bf8e0 JavaThread "C2 CompilerThread0" daemon [_thread_blocked, id=19156, stack(0x0000000efea00000,0x0000000efeb00000)]
  0x0000017ccf6c2610 JavaThread "C1 CompilerThread0" daemon [_thread_in_vm, id=21184, stack(0x0000000efeb00000,0x0000000efec00000)]
  0x0000017ccf6d2b70 JavaThread "Sweeper thread" daemon [_thread_blocked, id=5728, stack(0x0000000efec00000,0x0000000efed00000)]
  0x0000017cd39ac200 JavaThread "Common-Cleaner" daemon [_thread_blocked, id=19948, stack(0x0000000efed00000,0x0000000efee00000)]
  0x0000017cd39adc90 JavaThread "Notification Thread" daemon [_thread_blocked, id=8828, stack(0x0000000efee00000,0x0000000efef00000)]
  0x0000017cd39aacc0 JavaThread "Java2D Disposer" daemon [_thread_blocked, id=11572, stack(0x0000000eff000000,0x0000000eff100000)]
  0x0000017cd39ab210 JavaThread "AWT-Shutdown" [_thread_blocked, id=16968, stack(0x0000000eff100000,0x0000000eff200000)]
  0x0000017cd39ad740 JavaThread "AWT-Windows" daemon [_thread_in_native, id=20312, stack(0x0000000eff200000,0x0000000eff300000)]
  0x0000017cd39ac750 JavaThread "Image Fetcher 0" daemon [_thread_blocked, id=4112, stack(0x0000000eff300000,0x0000000eff400000)]

Other Threads:
  0x0000017ccf66cab0 VMThread "VM Thread" [stack: 0x0000000efe300000,0x0000000efe400000] [id=2252]
  0x0000017cd3a38280 WatcherThread "VM Periodic Task Thread" [stack: 0x0000000efef00000,0x0000000eff000000] [id=6796]
  0x0000017cb16a8ec0 WorkerThread "GC Thread#0" [stack: 0x0000000efde00000,0x0000000efdf00000] [id=21460]
  0x0000017cb16b1860 ConcurrentGCThread "G1 Main Marker" [stack: 0x0000000efdf00000,0x0000000efe000000] [id=21364]
  0x0000017cb16b2d30 WorkerThread "G1 Conc#0" [stack: 0x0000000efe000000,0x0000000efe100000] [id=8752]
  0x0000017cb171afe0 ConcurrentGCThread "G1 Refine#0" [stack: 0x0000000efe100000,0x0000000efe200000] [id=13716]
  0x0000017cb171e400 ConcurrentGCThread "G1 Service" [stack: 0x0000000efe200000,0x0000000efe300000] [id=18776]

Threads with active compile tasks:
C1 CompilerThread0      995  580       3       sun.awt.FontConfiguration::needToSearchForFile (128 bytes)

VM state: not at safepoint (normal execution)

VM Mutex/Monitor currently owned by a thread:  ([mutex/lock_event])
[0x0000017cb151c360] Metaspace_lock - owner thread: 0x0000017cb1667c00
[0x0000017cb1662d60] MethodData_lock - owner thread: 0x0000017ccf6c2610

Heap address: 0x00000000c2e00000, size: 978 MB, Compressed Oops mode: 32-bit

CDS archive(s) mapped at: [0x0000000800000000-0x0000000800c40000-0x0000000800c40000), size 12845056, SharedBaseAddress: 0x0000000800000000, ArchiveRelocationMode: 0.
Compressed class space mapped at: 0x0000000801000000-0x0000000841000000, reserved size: 1073741824
Narrow klass base: 0x0000000800000000, Narrow klass shift: 0, Narrow klass range: 0x100000000

GC Precious Log:
 CardTable entry size: 512
 Card Set container configuration: InlinePtr #cards 5 size 8 Array Of Cards #cards 12 size 40 Howl #buckets 4 coarsen threshold 1843 Howl Bitmap #cards 512 size 80 coarsen threshold 460 Card regions per heap region 1 cards per card region 2048
 CPUs: 8 total, 8 available
 Memory: 3910M
 Large Page Support: Disabled
 NUMA Support: Disabled
 Compressed Oops: Enabled (32-bit)
 Heap Region Size: 1M
 Heap Min Capacity: 8M
 Heap Initial Capacity: 62M
 Heap Max Capacity: 978M
 Pre-touch: Disabled
 Parallel Workers: 8
 Concurrent Workers: 2
 Concurrent Refinement Workers: 8
 Periodic GC: Disabled

Heap:
 garbage-first heap   total 63488K, used 6144K [0x00000000c2e00000, 0x0000000100000000)
  region size 1024K, 7 young (7168K), 0 survivors (0K)
 Metaspace       used 6437K, committed 6656K, reserved 1114112K
  class space    used 716K, committed 832K, reserved 1048576K

Heap Regions: E=young(eden), S=young(survivor), O=old, HS=humongous(starts), HC=humongous(continues), CS=collection set, F=free, OA=open archive, CA=closed archive, TAMS=top-at-mark-start (previous, next)
|   0|0x00000000c2e00000, 0x00000000c2e00000, 0x00000000c2f00000|  0%| F|  |TAMS 0x00000000c2e00000, 0x00000000c2e00000| Untracked 
|   1|0x00000000c2f00000, 0x00000000c2f00000, 0x00000000c3000000|  0%| F|  |TAMS 0x00000000c2f00000, 0x00000000c2f00000| Untracked 
|   2|0x00000000c3000000, 0x00000000c3000000, 0x00000000c3100000|  0%| F|  |TAMS 0x00000000c3000000, 0x00000000c3000000| Untracked 
|   3|0x00000000c3100000, 0x00000000c3100000, 0x00000000c3200000|  0%| F|  |TAMS 0x00000000c3100000, 0x00000000c3100000| Untracked 
|   4|0x00000000c3200000, 0x00000000c3200000, 0x00000000c3300000|  0%| F|  |TAMS 0x00000000c3200000, 0x00000000c3200000| Untracked 
|   5|0x00000000c3300000, 0x00000000c3300000, 0x00000000c3400000|  0%| F|  |TAMS 0x00000000c3300000, 0x00000000c3300000| Untracked 
|   6|0x00000000c3400000, 0x00000000c3400000, 0x00000000c3500000|  0%| F|  |TAMS 0x00000000c3400000, 0x00000000c3400000| Untracked 
|   7|0x00000000c3500000, 0x00000000c3500000, 0x00000000c3600000|  0%| F|  |TAMS 0x00000000c3500000, 0x00000000c3500000| Untracked 
|   8|0x00000000c3600000, 0x00000000c3600000, 0x00000000c3700000|  0%| F|  |TAMS 0x00000000c3600000, 0x00000000c3600000| Untracked 
|   9|0x00000000c3700000, 0x00000000c3700000, 0x00000000c3800000|  0%| F|  |TAMS 0x00000000c3700000, 0x00000000c3700000| Untracked 
|  10|0x00000000c3800000, 0x00000000c3800000, 0x00000000c3900000|  0%| F|  |TAMS 0x00000000c3800000, 0x00000000c3800000| Untracked 
|  11|0x00000000c3900000, 0x00000000c3900000, 0x00000000c3a00000|  0%| F|  |TAMS 0x00000000c3900000, 0x00000000c3900000| Untracked 
|  12|0x00000000c3a00000, 0x00000000c3a00000, 0x00000000c3b00000|  0%| F|  |TAMS 0x00000000c3a00000, 0x00000000c3a00000| Untracked 
|  13|0x00000000c3b00000, 0x00000000c3b00000, 0x00000000c3c00000|  0%| F|  |TAMS 0x00000000c3b00000, 0x00000000c3b00000| Untracked 
|  14|0x00000000c3c00000, 0x00000000c3c00000, 0x00000000c3d00000|  0%| F|  |TAMS 0x00000000c3c00000, 0x00000000c3c00000| Untracked 
|  15|0x00000000c3d00000, 0x00000000c3d00000, 0x00000000c3e00000|  0%| F|  |TAMS 0x00000000c3d00000, 0x00000000c3d00000| Untracked 
|  16|0x00000000c3e00000, 0x00000000c3e00000, 0x00000000c3f00000|  0%| F|  |TAMS 0x00000000c3e00000, 0x00000000c3e00000| Untracked 
|  17|0x00000000c3f00000, 0x00000000c3f00000, 0x00000000c4000000|  0%| F|  |TAMS 0x00000000c3f00000, 0x00000000c3f00000| Untracked 
|  18|0x00000000c4000000, 0x00000000c4000000, 0x00000000c4100000|  0%| F|  |TAMS 0x00000000c4000000, 0x00000000c4000000| Untracked 
|  19|0x00000000c4100000, 0x00000000c4100000, 0x00000000c4200000|  0%| F|  |TAMS 0x00000000c4100000, 0x00000000c4100000| Untracked 
|  20|0x00000000c4200000, 0x00000000c4200000, 0x00000000c4300000|  0%| F|  |TAMS 0x00000000c4200000, 0x00000000c4200000| Untracked 
|  21|0x00000000c4300000, 0x00000000c4300000, 0x00000000c4400000|  0%| F|  |TAMS 0x00000000c4300000, 0x00000000c4300000| Untracked 
|  22|0x00000000c4400000, 0x00000000c4400000, 0x00000000c4500000|  0%| F|  |TAMS 0x00000000c4400000, 0x00000000c4400000| Untracked 
|  23|0x00000000c4500000, 0x00000000c4500000, 0x00000000c4600000|  0%| F|  |TAMS 0x00000000c4500000, 0x00000000c4500000| Untracked 
|  24|0x00000000c4600000, 0x00000000c4600000, 0x00000000c4700000|  0%| F|  |TAMS 0x00000000c4600000, 0x00000000c4600000| Untracked 
|  25|0x00000000c4700000, 0x00000000c4700000, 0x00000000c4800000|  0%| F|  |TAMS 0x00000000c4700000, 0x00000000c4700000| Untracked 
|  26|0x00000000c4800000, 0x00000000c4800000, 0x00000000c4900000|  0%| F|  |TAMS 0x00000000c4800000, 0x00000000c4800000| Untracked 
|  27|0x00000000c4900000, 0x00000000c4900000, 0x00000000c4a00000|  0%| F|  |TAMS 0x00000000c4900000, 0x00000000c4900000| Untracked 
|  28|0x00000000c4a00000, 0x00000000c4a00000, 0x00000000c4b00000|  0%| F|  |TAMS 0x00000000c4a00000, 0x00000000c4a00000| Untracked 
|  29|0x00000000c4b00000, 0x00000000c4b00000, 0x00000000c4c00000|  0%| F|  |TAMS 0x00000000c4b00000, 0x00000000c4b00000| Untracked 
|  30|0x00000000c4c00000, 0x00000000c4c00000, 0x00000000c4d00000|  0%| F|  |TAMS 0x00000000c4c00000, 0x00000000c4c00000| Untracked 
|  31|0x00000000c4d00000, 0x00000000c4d00000, 0x00000000c4e00000|  0%| F|  |TAMS 0x00000000c4d00000, 0x00000000c4d00000| Untracked 
|  32|0x00000000c4e00000, 0x00000000c4e00000, 0x00000000c4f00000|  0%| F|  |TAMS 0x00000000c4e00000, 0x00000000c4e00000| Untracked 
|  33|0x00000000c4f00000, 0x00000000c4f00000, 0x00000000c5000000|  0%| F|  |TAMS 0x00000000c4f00000, 0x00000000c4f00000| Untracked 
|  34|0x00000000c5000000, 0x00000000c5000000, 0x00000000c5100000|  0%| F|  |TAMS 0x00000000c5000000, 0x00000000c5000000| Untracked 
|  35|0x00000000c5100000, 0x00000000c5100000, 0x00000000c5200000|  0%| F|  |TAMS 0x00000000c5100000, 0x00000000c5100000| Untracked 
|  36|0x00000000c5200000, 0x00000000c5200000, 0x00000000c5300000|  0%| F|  |TAMS 0x00000000c5200000, 0x00000000c5200000| Untracked 
|  37|0x00000000c5300000, 0x00000000c5300000, 0x00000000c5400000|  0%| F|  |TAMS 0x00000000c5300000, 0x00000000c5300000| Untracked 
|  38|0x00000000c5400000, 0x00000000c5400000, 0x00000000c5500000|  0%| F|  |TAMS 0x00000000c5400000, 0x00000000c5400000| Untracked 
|  39|0x00000000c5500000, 0x00000000c5500000, 0x00000000c5600000|  0%| F|  |TAMS 0x00000000c5500000, 0x00000000c5500000| Untracked 
|  40|0x00000000c5600000, 0x00000000c5600000, 0x00000000c5700000|  0%| F|  |TAMS 0x00000000c5600000, 0x00000000c5600000| Untracked 
|  41|0x00000000c5700000, 0x00000000c5700000, 0x00000000c5800000|  0%| F|  |TAMS 0x00000000c5700000, 0x00000000c5700000| Untracked 
|  42|0x00000000c5800000, 0x00000000c5800000, 0x00000000c5900000|  0%| F|  |TAMS 0x00000000c5800000, 0x00000000c5800000| Untracked 
|  43|0x00000000c5900000, 0x00000000c5900000, 0x00000000c5a00000|  0%| F|  |TAMS 0x00000000c5900000, 0x00000000c5900000| Untracked 
|  44|0x00000000c5a00000, 0x00000000c5a00000, 0x00000000c5b00000|  0%| F|  |TAMS 0x00000000c5a00000, 0x00000000c5a00000| Untracked 
|  45|0x00000000c5b00000, 0x00000000c5b00000, 0x00000000c5c00000|  0%| F|  |TAMS 0x00000000c5b00000, 0x00000000c5b00000| Untracked 
|  46|0x00000000c5c00000, 0x00000000c5c00000, 0x00000000c5d00000|  0%| F|  |TAMS 0x00000000c5c00000, 0x00000000c5c00000| Untracked 
|  47|0x00000000c5d00000, 0x00000000c5d00000, 0x00000000c5e00000|  0%| F|  |TAMS 0x00000000c5d00000, 0x00000000c5d00000| Untracked 
|  48|0x00000000c5e00000, 0x00000000c5e00000, 0x00000000c5f00000|  0%| F|  |TAMS 0x00000000c5e00000, 0x00000000c5e00000| Untracked 
|  49|0x00000000c5f00000, 0x00000000c5f00000, 0x00000000c6000000|  0%| F|  |TAMS 0x00000000c5f00000, 0x00000000c5f00000| Untracked 
|  50|0x00000000c6000000, 0x00000000c6000000, 0x00000000c6100000|  0%| F|  |TAMS 0x00000000c6000000, 0x00000000c6000000| Untracked 
|  51|0x00000000c6100000, 0x00000000c6100000, 0x00000000c6200000|  0%| F|  |TAMS 0x00000000c6100000, 0x00000000c6100000| Untracked 
|  52|0x00000000c6200000, 0x00000000c6200000, 0x00000000c6300000|  0%| F|  |TAMS 0x00000000c6200000, 0x00000000c6200000| Untracked 
|  53|0x00000000c6300000, 0x00000000c6300000, 0x00000000c6400000|  0%| F|  |TAMS 0x00000000c6300000, 0x00000000c6300000| Untracked 
|  54|0x00000000c6400000, 0x00000000c6400000, 0x00000000c6500000|  0%| F|  |TAMS 0x00000000c6400000, 0x00000000c6400000| Untracked 
|  55|0x00000000c6500000, 0x00000000c6576478, 0x00000000c6600000| 46%| E|  |TAMS 0x00000000c6500000, 0x00000000c6500000| Complete 
|  56|0x00000000c6600000, 0x00000000c6700000, 0x00000000c6700000|100%| E|CS|TAMS 0x00000000c6600000, 0x00000000c6600000| Complete 
|  57|0x00000000c6700000, 0x00000000c6800000, 0x00000000c6800000|100%| E|CS|TAMS 0x00000000c6700000, 0x00000000c6700000| Complete 
|  58|0x00000000c6800000, 0x00000000c6900000, 0x00000000c6900000|100%| E|CS|TAMS 0x00000000c6800000, 0x00000000c6800000| Complete 
|  59|0x00000000c6900000, 0x00000000c6a00000, 0x00000000c6a00000|100%| E|CS|TAMS 0x00000000c6900000, 0x00000000c6900000| Complete 
|  60|0x00000000c6a00000, 0x00000000c6b00000, 0x00000000c6b00000|100%| E|CS|TAMS 0x00000000c6a00000, 0x00000000c6a00000| Complete 
|  61|0x00000000c6b00000, 0x00000000c6c00000, 0x00000000c6c00000|100%| E|CS|TAMS 0x00000000c6b00000, 0x00000000c6b00000| Complete 

Card table byte_map: [0x0000017ccaa00000,0x0000017ccabf0000] _byte_map_base: 0x0000017cca3e9000

Marking Bits (Prev, Next): (CMBitMap*) 0x0000017cb16a94f0, (CMBitMap*) 0x0000017cb16a9530
 Prev Bits: [0x0000017ccade0000, 0x0000017ccbd28000)
 Next Bits: [0x0000017ccbd30000, 0x0000017cccc78000)

Polling page: 0x0000017cb1730000

Metaspace:

Usage:
  Non-class:      5.59 MB used.
      Class:    716.16 KB used.
       Both:      6.29 MB used.

Virtual space:
  Non-class space:       64.00 MB reserved,       5.69 MB (  9%) committed,  1 nodes.
      Class space:        1.00 GB reserved,     832.00 KB ( <1%) committed,  1 nodes.
             Both:        1.06 GB reserved,       6.50 MB ( <1%) committed. 

Chunk freelists:
   Non-Class:  2.12 MB
       Class:  3.25 MB
        Both:  5.37 MB

MaxMetaspaceSize: unlimited
CompressedClassSpaceSize: 1.00 GB
Initial GC threshold: 21.00 MB
Current GC threshold: 21.00 MB
CDS: on
MetaspaceReclaimPolicy: balanced
 - commit_granule_bytes: 65536.
 - commit_granule_words: 8192.
 - virtual_space_node_default_size: 8388608.
 - enlarge_chunks_in_place: 1.
 - new_chunks_are_fully_committed: 0.
 - uncommit_free_chunks: 1.
 - use_allocation_guard: 0.


Internal statistics:

num_allocs_failed_limit: 0.
num_arena_births: 128.
num_arena_deaths: 0.
num_vsnodes_births: 2.
num_vsnodes_deaths: 0.
num_space_committed: 104.
num_space_uncommitted: 0.
num_chunks_returned_to_freelist: 0.
num_chunks_taken_from_freelist: 138.
num_chunk_merges: 0.
num_chunk_splits: 96.
num_chunks_enlarged: 63.
num_inconsistent_stats: 0.

CodeHeap 'non-profiled nmethods': size=120000Kb used=171Kb max_used=171Kb free=119828Kb
 bounds [0x0000017cc2870000, 0x0000017cc2ae0000, 0x0000017cc9da0000]
CodeHeap 'profiled nmethods': size=120000Kb used=824Kb max_used=824Kb free=119175Kb
 bounds [0x0000017cbada0000, 0x0000017cbb010000, 0x0000017cc22d0000]
CodeHeap 'non-nmethods': size=5760Kb used=1325Kb max_used=1325Kb free=4435Kb
 bounds [0x0000017cc22d0000, 0x0000017cc2540000, 0x0000017cc2870000]
 total_blobs=1138 nmethods=578 adapters=471
 compilation: enabled
              stopped_count=0, restarted_count=0
 full_count=0

Compilation events (20 events):
Event: 0.855 Thread 0x0000017ccf6c2610 nmethod 568 0x0000017cbae6a010 code [0x0000017cbae6a2a0, 0x0000017cbae6ad98]
Event: 0.855 Thread 0x0000017ccf6c2610  569       3       java.lang.StringUTF16::compress (20 bytes)
Event: 0.855 Thread 0x0000017ccf6c2610 nmethod 569 0x0000017cbae6b190 code [0x0000017cbae6b340, 0x0000017cbae6b588]
Event: 0.855 Thread 0x0000017ccf6c2610  570       3       java.lang.StringConcatHelper::newString (67 bytes)
Event: 0.856 Thread 0x0000017ccf6c2610 nmethod 570 0x0000017cbae6b690 code [0x0000017cbae6b900, 0x0000017cbae6c2d8]
Event: 0.856 Thread 0x0000017ccf6c2610  571       1       java.io.File::getPath (5 bytes)
Event: 0.857 Thread 0x0000017ccf6c2610 nmethod 571 0x0000017cc289a610 code [0x0000017cc289a7a0, 0x0000017cc289a858]
Event: 0.859 Thread 0x0000017ccf6c2610  573       3       sun.awt.FontConfiguration::getString (53 bytes)
Event: 0.860 Thread 0x0000017ccf6c2610 nmethod 573 0x0000017cbae6c690 code [0x0000017cbae6c880, 0x0000017cbae6cd28]
Event: 0.860 Thread 0x0000017ccf6c2610  575       3       sun.awt.FontConfiguration::getComponentFileID (6 bytes)
Event: 0.860 Thread 0x0000017ccf6c2610 nmethod 575 0x0000017cbae6cf10 code [0x0000017cbae6d0a0, 0x0000017cbae6d1d8]
Event: 0.860 Thread 0x0000017ccf6c2610  576       3       sun.awt.FontConfiguration::getComponentFontName (15 bytes)
Event: 0.860 Thread 0x0000017ccf6c2610 nmethod 576 0x0000017cbae6d290 code [0x0000017cbae6d440, 0x0000017cbae6d608]
Event: 0.860 Thread 0x0000017ccf6c2610  577       3       sun.awt.FontConfiguration::getComponentFileName (15 bytes)
Event: 0.861 Thread 0x0000017ccf6c2610 nmethod 577 0x0000017cbae6d710 code [0x0000017cbae6d8c0, 0x0000017cbae6da88]
Event: 0.861 Thread 0x0000017ccf6c2610  578       3       sun.awt.FontConfiguration::mapFileName (2 bytes)
Event: 0.861 Thread 0x0000017ccf6c2610 nmethod 578 0x0000017cbae6db90 code [0x0000017cbae6dd20, 0x0000017cbae6de38]
Event: 0.861 Thread 0x0000017ccf6c2610  579       3       sun.awt.windows.WFontConfiguration::getFaceNameFromComponentFontName (2 bytes)
Event: 0.861 Thread 0x0000017ccf6c2610 nmethod 579 0x0000017cbae6df10 code [0x0000017cbae6e0a0, 0x0000017cbae6e1b8]
Event: 0.861 Thread 0x0000017ccf6c2610  580       3       sun.awt.FontConfiguration::needToSearchForFile (128 bytes)

GC Heap History (0 events):
No events

Dll operation events (9 events):
Event: 0.026 Loaded shared library C:\Program Files\Java\jdk-19\bin\java.dll
Event: 0.060 Loaded shared library C:\Program Files\Java\jdk-19\bin\jsvml.dll
Event: 0.154 Loaded shared library C:\Program Files\Java\jdk-19\bin\net.dll
Event: 0.156 Loaded shared library C:\Program Files\Java\jdk-19\bin\nio.dll
Event: 0.218 Loaded shared library C:\Program Files\Java\jdk-19\bin\jimage.dll
Event: 0.237 Loaded shared library C:\Program Files\Java\jdk-19\bin\awt.dll
Event: 0.707 Loaded shared library C:\Program Files\Java\jdk-19\bin\zip.dll
Event: 0.820 Loaded shared library C:\Program Files\Java\jdk-19\bin\freetype.dll
Event: 0.822 Loaded shared library C:\Program Files\Java\jdk-19\bin\fontmanager.dll

Deoptimization events (20 events):
Event: 0.202 Thread 0x0000017cb1667c00 Uncommon trap: trap_request=0xffffff45 fr.pc=0x0000017cc2878dc8 relative=0x00000000000000a8
Event: 0.202 Thread 0x0000017cb1667c00 Uncommon trap: reason=unstable_if action=reinterpret pc=0x0000017cc2878dc8 method=java.lang.String.isLatin1()Z @ 10 c2
Event: 0.202 Thread 0x0000017cb1667c00 DEOPT PACKING pc=0x0000017cc2878dc8 sp=0x0000000efddfebc0
Event: 0.202 Thread 0x0000017cb1667c00 DEOPT UNPACKING pc=0x0000017cc2336da3 sp=0x0000000efddfeb00 mode 2
Event: 0.642 Thread 0x0000017cb1667c00 Uncommon trap: trap_request=0xffffffc6 fr.pc=0x0000017cc288e9c8 relative=0x0000000000000aa8
Event: 0.642 Thread 0x0000017cb1667c00 Uncommon trap: reason=bimorphic_or_optimized_type_check action=maybe_recompile pc=0x0000017cc288e9c8 method=java.util.HashMap.putVal(ILjava/lang/Object;Ljava/lang/Object;ZZ)Ljava/lang/Object; @ 56 c2
Event: 0.642 Thread 0x0000017cb1667c00 DEOPT PACKING pc=0x0000017cc288e9c8 sp=0x0000000efddfe840
Event: 0.642 Thread 0x0000017cb1667c00 DEOPT UNPACKING pc=0x0000017cc2336da3 sp=0x0000000efddfe7c8 mode 2
Event: 0.643 Thread 0x0000017cb1667c00 Uncommon trap: trap_request=0xffffffc6 fr.pc=0x0000017cc288e9c8 relative=0x0000000000000aa8
Event: 0.643 Thread 0x0000017cb1667c00 Uncommon trap: reason=bimorphic_or_optimized_type_check action=maybe_recompile pc=0x0000017cc288e9c8 method=java.util.HashMap.putVal(ILjava/lang/Object;Ljava/lang/Object;ZZ)Ljava/lang/Object; @ 56 c2
Event: 0.643 Thread 0x0000017cb1667c00 DEOPT PACKING pc=0x0000017cc288e9c8 sp=0x0000000efddfe840
Event: 0.643 Thread 0x0000017cb1667c00 DEOPT UNPACKING pc=0x0000017cc2336da3 sp=0x0000000efddfe7c8 mode 2
Event: 0.643 Thread 0x0000017cb1667c00 Uncommon trap: trap_request=0xffffffc6 fr.pc=0x0000017cc288e9c8 relative=0x0000000000000aa8
Event: 0.643 Thread 0x0000017cb1667c00 Uncommon trap: reason=bimorphic_or_optimized_type_check action=maybe_recompile pc=0x0000017cc288e9c8 method=java.util.HashMap.putVal(ILjava/lang/Object;Ljava/lang/Object;ZZ)Ljava/lang/Object; @ 56 c2
Event: 0.643 Thread 0x0000017cb1667c00 DEOPT PACKING pc=0x0000017cc288e9c8 sp=0x0000000efddfe840
Event: 0.643 Thread 0x0000017cb1667c00 DEOPT UNPACKING pc=0x0000017cc2336da3 sp=0x0000000efddfe7c8 mode 2
Event: 0.643 Thread 0x0000017cb1667c00 Uncommon trap: trap_request=0xffffffc6 fr.pc=0x0000017cc288e9c8 relative=0x0000000000000aa8
Event: 0.643 Thread 0x0000017cb1667c00 Uncommon trap: reason=bimorphic_or_optimized_type_check action=maybe_recompile pc=0x0000017cc288e9c8 method=java.util.HashMap.putVal(ILjava/lang/Object;Ljava/lang/Object;ZZ)Ljava/lang/Object; @ 56 c2
Event: 0.643 Thread 0x0000017cb1667c00 DEOPT PACKING pc=0x0000017cc288e9c8 sp=0x0000000efddfe840
Event: 0.643 Thread 0x0000017cb1667c00 DEOPT UNPACKING pc=0x0000017cc2336da3 sp=0x0000000efddfe7c8 mode 2

Classes loaded (20 events):
Event: 0.832 Loading class sun/awt/Win32FontManager
Event: 0.832 Loading class sun/awt/Win32FontManager done
Event: 0.832 Loading class sun/awt/Win32FontManager$1
Event: 0.832 Loading class sun/awt/Win32FontManager$1 done
Event: 0.832 Loading class sun/font/CompositeFont
Event: 0.833 Loading class sun/font/CompositeFont done
Event: 0.833 Loading class sun/font/SunFontManager$2
Event: 0.833 Loading class sun/font/SunFontManager$2 done
Event: 0.834 Loading class sun/awt/windows/WFontConfiguration
Event: 0.835 Loading class sun/awt/FontConfiguration
Event: 0.836 Loading class sun/awt/FontConfiguration done
Event: 0.836 Loading class sun/awt/windows/WFontConfiguration done
Event: 0.836 Loading class sun/awt/FontDescriptor
Event: 0.836 Loading class sun/awt/FontDescriptor done
Event: 0.844 Loading class java/lang/Short$ShortCache
Event: 0.844 Loading class java/lang/Short$ShortCache done
Event: 0.847 Loading class sun/font/SunFontManager$FontRegistrationInfo
Event: 0.848 Loading class sun/font/SunFontManager$FontRegistrationInfo done
Event: 0.858 Loading class sun/font/CompositeFontDescriptor
Event: 0.858 Loading class sun/font/CompositeFontDescriptor done

Classes unloaded (0 events):
No events

Classes redefined (0 events):
No events

Internal exceptions (13 events):
Event: 0.172 Thread 0x0000017cb1667c00 Exception <a 'java/lang/NoSuchMethodError'{0x00000000c6a350a0}: 'void java.lang.invoke.DirectMethodHandle$Holder.invokeVirtual(java.lang.Object, java.lang.Object)'> (0x00000000c6a350a0) 
thrown [s\open\src\hotspot\share\interpreter\linkResolver.cpp, line 774]
Event: 0.220 Thread 0x0000017cb1667c00 Exception <a 'sun/nio/fs/WindowsException'{0x00000000c695ad78}> (0x00000000c695ad78) 
thrown [s\open\src\hotspot\share\prims\jni.cpp, line 517]
Event: 0.225 Thread 0x0000017cb1667c00 Exception <a 'java/lang/ClassNotFoundException'{0x00000000c6960f38}: sun/awt/resources/spi/awtProvider> (0x00000000c6960f38) 
thrown [s\open\src\hotspot\share\classfile\systemDictionary.cpp, line 255]
Event: 0.253 Thread 0x0000017cb1667c00 Exception <a 'java/io/FileNotFoundException'{0x00000000c69b7ae0}> (0x00000000c69b7ae0) 
thrown [s\open\src\hotspot\share\prims\jni.cpp, line 517]
Event: 0.263 Thread 0x0000017cb1667c00 Exception <a 'java/io/FileNotFoundException'{0x00000000c69e40b0}> (0x00000000c69e40b0) 
thrown [s\open\src\hotspot\share\prims\jni.cpp, line 517]
Event: 0.354 Thread 0x0000017cb1667c00 Exception <a 'java/lang/NoSuchMethodError'{0x00000000c68298a8}: 'java.lang.Object java.lang.invoke.DirectMethodHandle$Holder.invokeStaticInit(java.lang.Object)'> (0x00000000c68298a8) 
thrown [s\open\src\hotspot\share\interpreter\linkResolver.cpp, line 774]
Event: 0.479 Thread 0x0000017cb1667c00 Exception <a 'java/lang/NoSuchMethodError'{0x00000000c6707de0}: 'void java.lang.invoke.DirectMethodHandle$Holder.invokeSpecial(java.lang.Object, java.lang.Object, java.lang.Object)'> (0x00000000c6707de0) 
thrown [s\open\src\hotspot\share\interpreter\linkResolver.cpp, line 774]
Event: 0.513 Thread 0x0000017cb1667c00 Exception <a 'java/lang/NoSuchMethodError'{0x00000000c6732848}: 'java.lang.Object java.lang.invoke.DirectMethodHandle$Holder.newInvokeSpecial(java.lang.Object, java.lang.Object, java.lang.Object, java.lang.Object, java.lang.Object)'> (0x00000000c6732848) 
thrown [s\open\src\hotspot\share\interpreter\linkResolver.cpp, line 774]
Event: 0.540 Thread 0x0000017cb1667c00 Exception <a 'java/lang/NoSuchMethodError'{0x00000000c6763fb8}: 'java.lang.Object java.lang.invoke.DirectMethodHandle$Holder.invokeStatic(java.lang.Object, int, java.lang.Object)'> (0x00000000c6763fb8) 
thrown [s\open\src\hotspot\share\interpreter\linkResolver.cpp, line 774]
Event: 0.640 Thread 0x0000017cb1667c00 Exception <a 'java/lang/ClassNotFoundException'{0x00000000c661ff28}: com/sun/swing/internal/plaf/metal/resources/spi/metalProvider> (0x00000000c661ff28) 
thrown [s\open\src\hotspot\share\classfile\systemDictionary.cpp, line 255]
Event: 0.645 Thread 0x0000017cb1667c00 Exception <a 'java/lang/ClassNotFoundException'{0x00000000c6623ef8}: com/sun/swing/internal/plaf/basic/resources/spi/basicProvider> (0x00000000c6623ef8) 
thrown [s\open\src\hotspot\share\classfile\systemDictionary.cpp, line 255]
Event: 0.673 Thread 0x0000017cb1667c00 Exception <a 'java/lang/NoSuchMethodError'{0x00000000c6643bb8}: 'int java.lang.invoke.Invokers$Holder.invokeExact_MT(java.lang.Object, java.lang.Object)'> (0x00000000c6643bb8) 
thrown [s\open\src\hotspot\share\interpreter\linkResolver.cpp, line 774]
Event: 0.712 Thread 0x0000017cd39ac750 Exception <a 'java/lang/NoSuchMethodError'{0x00000000c66852b8}: 'java.lang.Object java.lang.invoke.DirectMethodHandle$Holder.newInvokeSpecial(java.lang.Object, java.lang.Object, java.lang.Object, int, int, int, int, int)'> (0x00000000c66852b8) 
thrown [s\open\src\hotspot\share\interpreter\linkResolver.cpp, line 774]

VM Operations (6 events):
Event: 0.187 Executing VM operation: HandshakeAllThreads
Event: 0.187 Executing VM operation: HandshakeAllThreads done
Event: 0.276 Executing VM operation: HandshakeAllThreads
Event: 0.276 Executing VM operation: HandshakeAllThreads done
Event: 0.735 Executing VM operation: HandshakeAllThreads
Event: 0.735 Executing VM operation: HandshakeAllThreads done

Events (16 events):
Event: 0.061 Thread 0x0000017cb1667c00 Thread added: 0x0000017cb1667c00
Event: 0.110 Thread 0x0000017ccf682420 Thread added: 0x0000017ccf682420
Event: 0.111 Thread 0x0000017ccf683100 Thread added: 0x0000017ccf683100
Event: 0.111 Thread 0x0000017ccf68a090 Thread added: 0x0000017ccf68a090
Event: 0.111 Thread 0x0000017ccf68a5d0 Thread added: 0x0000017ccf68a5d0
Event: 0.112 Thread 0x0000017ccf68d2c0 Thread added: 0x0000017ccf68d2c0
Event: 0.112 Thread 0x0000017ccf6affc0 Thread added: 0x0000017ccf6affc0
Event: 0.112 Thread 0x0000017ccf6bf8e0 Thread added: 0x0000017ccf6bf8e0
Event: 0.112 Thread 0x0000017ccf6c2610 Thread added: 0x0000017ccf6c2610
Event: 0.112 Thread 0x0000017ccf6d2b70 Thread added: 0x0000017ccf6d2b70
Event: 0.147 Thread 0x0000017cd39ac200 Thread added: 0x0000017cd39ac200
Event: 0.200 Thread 0x0000017cd39adc90 Thread added: 0x0000017cd39adc90
Event: 0.357 Thread 0x0000017cd39aacc0 Thread added: 0x0000017cd39aacc0
Event: 0.359 Thread 0x0000017cd39ab210 Thread added: 0x0000017cd39ab210
Event: 0.364 Thread 0x0000017cd39ad740 Thread added: 0x0000017cd39ad740
Event: 0.701 Thread 0x0000017cd39ac750 Thread added: 0x0000017cd39ac750


Dynamic libraries:
0x00007ff7356c0000 - 0x00007ff7356d0000 	C:\Program Files\Java\jdk-19\bin\javaw.exe
0x00007ffbf18f0000 - 0x00007ffbf1b04000 	C:\WINDOWS\SYSTEM32\ntdll.dll
0x00007ffbf0970000 - 0x00007ffbf0a32000 	C:\WINDOWS\System32\KERNEL32.DLL
0x00007ffbeee20000 - 0x00007ffbef1bc000 	C:\WINDOWS\System32\KERNELBASE.dll
0x00007ffbef290000 - 0x00007ffbef3a1000 	C:\WINDOWS\System32\ucrtbase.dll
0x00007ffbe6840000 - 0x00007ffbe685b000 	C:\Program Files\Java\jdk-19\bin\VCRUNTIME140.dll
0x00007ffbe8970000 - 0x00007ffbe8988000 	C:\Program Files\Java\jdk-19\bin\jli.dll
0x00007ffbf1500000 - 0x00007ffbf15ae000 	C:\WINDOWS\System32\ADVAPI32.dll
0x00007ffbf1800000 - 0x00007ffbf18a7000 	C:\WINDOWS\System32\msvcrt.dll
0x00007ffbf08c0000 - 0x00007ffbf0964000 	C:\WINDOWS\System32\sechost.dll
0x00007ffbf1260000 - 0x00007ffbf1377000 	C:\WINDOWS\System32\RPCRT4.dll
0x00007ffbf0a40000 - 0x00007ffbf0beb000 	C:\WINDOWS\System32\USER32.dll
0x00007ffbe3880000 - 0x00007ffbe3b0e000 	C:\WINDOWS\WinSxS\amd64_microsoft.windows.common-controls_6595b64144ccf1df_6.0.22621.608_none_a9444ca7c10bb01d\COMCTL32.dll
0x00007ffbef1c0000 - 0x00007ffbef1e6000 	C:\WINDOWS\System32\win32u.dll
0x00007ffbf0720000 - 0x00007ffbf0749000 	C:\WINDOWS\System32\GDI32.dll
0x00007ffbef470000 - 0x00007ffbef583000 	C:\WINDOWS\System32\gdi32full.dll
0x00007ffbef1f0000 - 0x00007ffbef28a000 	C:\WINDOWS\System32\msvcp_win.dll
0x00007ffbe67a0000 - 0x00007ffbe67aa000 	C:\WINDOWS\SYSTEM32\VERSION.dll
0x00007ffbf0880000 - 0x00007ffbf08b1000 	C:\WINDOWS\System32\IMM32.DLL
0x00007ffbe7310000 - 0x00007ffbe731c000 	C:\Program Files\Java\jdk-19\bin\vcruntime140_1.dll
0x00007ffbe0d20000 - 0x00007ffbe0dae000 	C:\Program Files\Java\jdk-19\bin\msvcp140.dll
0x00007ffba2550000 - 0x00007ffba3210000 	C:\Program Files\Java\jdk-19\bin\server\jvm.dll
0x00007ffbe7b90000 - 0x00007ffbe7bc4000 	C:\WINDOWS\SYSTEM32\WINMM.dll
0x00007ffbe12c0000 - 0x00007ffbe12c9000 	C:\WINDOWS\SYSTEM32\WSOCK32.dll
0x00007ffbf1380000 - 0x00007ffbf13f1000 	C:\WINDOWS\System32\WS2_32.dll
0x00007ffbedd80000 - 0x00007ffbedd98000 	C:\WINDOWS\SYSTEM32\kernel.appcore.dll
0x00007ffbe7240000 - 0x00007ffbe724a000 	C:\Program Files\Java\jdk-19\bin\jimage.dll
0x00007ffbea360000 - 0x00007ffbea58e000 	C:\WINDOWS\SYSTEM32\DBGHELP.DLL
0x00007ffbef820000 - 0x00007ffbefba9000 	C:\WINDOWS\System32\combase.dll
0x00007ffbf15b0000 - 0x00007ffbf1687000 	C:\WINDOWS\System32\OLEAUT32.dll
0x00007ffbe6fc0000 - 0x00007ffbe6ff2000 	C:\WINDOWS\SYSTEM32\dbgcore.DLL
0x00007ffbeed30000 - 0x00007ffbeedab000 	C:\WINDOWS\System32\bcryptPrimitives.dll
0x00007ffbe1ab0000 - 0x00007ffbe1ad6000 	C:\Program Files\Java\jdk-19\bin\java.dll
0x00007ffbc91a0000 - 0x00007ffbc9277000 	C:\Program Files\Java\jdk-19\bin\jsvml.dll
0x00007ffbefcc0000 - 0x00007ffbf04b0000 	C:\WINDOWS\System32\SHELL32.dll
0x00007ffbecd40000 - 0x00007ffbed60d000 	C:\WINDOWS\SYSTEM32\windows.storage.dll
0x00007ffbecc00000 - 0x00007ffbecd3e000 	C:\WINDOWS\SYSTEM32\wintypes.dll
0x00007ffbefbc0000 - 0x00007ffbefcb1000 	C:\WINDOWS\System32\SHCORE.dll
0x00007ffbf07a0000 - 0x00007ffbf07fe000 	C:\WINDOWS\System32\shlwapi.dll
0x00007ffbeec60000 - 0x00007ffbeec81000 	C:\WINDOWS\SYSTEM32\profapi.dll
0x00007ffbe1a90000 - 0x00007ffbe1aa3000 	C:\Program Files\Java\jdk-19\bin\net.dll
0x00007ffbe90e0000 - 0x00007ffbe9217000 	C:\WINDOWS\SYSTEM32\WINHTTP.dll
0x00007ffbee1f0000 - 0x00007ffbee259000 	C:\WINDOWS\system32\mswsock.dll
0x00007ffbe1a70000 - 0x00007ffbe1a86000 	C:\Program Files\Java\jdk-19\bin\nio.dll
0x00007ffbac8a0000 - 0x00007ffbaca31000 	C:\Program Files\Java\jdk-19\bin\awt.dll
0x00007ffbec140000 - 0x00007ffbec1d6000 	C:\WINDOWS\SYSTEM32\apphelp.dll
0x00007ffbec760000 - 0x00007ffbec78b000 	C:\WINDOWS\system32\DWMAPI.DLL
0x00007ffbec350000 - 0x00007ffbec3fb000 	C:\WINDOWS\system32\uxtheme.dll
0x00007ffbc78d0000 - 0x00007ffbc79d0000 	C:\WINDOWS\system32\opengl32.dll
0x00007ffbc8720000 - 0x00007ffbc874d000 	C:\WINDOWS\SYSTEM32\GLU32.dll
0x00007ffbec430000 - 0x00007ffbec466000 	C:\WINDOWS\SYSTEM32\dxcore.dll
0x00007ffbef700000 - 0x00007ffbef81e000 	C:\WINDOWS\System32\MSCTF.dll
0x00007ffbf0c40000 - 0x00007ffbf0ddc000 	C:\WINDOWS\System32\ole32.dll
0x00007ffbe0d00000 - 0x00007ffbe0d18000 	C:\Program Files\Java\jdk-19\bin\zip.dll
0x00007ffbc9d80000 - 0x00007ffbc9e06000 	C:\Program Files\Java\jdk-19\bin\freetype.dll
0x00007ffbbcae0000 - 0x00007ffbbcba5000 	C:\Program Files\Java\jdk-19\bin\fontmanager.dll

dbghelp: loaded successfully - version: 4.0.5 - missing functions: none
symbol engine: initialized successfully - sym options: 0x614 - pdb path: .;C:\Program Files\Java\jdk-19\bin;C:\WINDOWS\SYSTEM32;C:\WINDOWS\WinSxS\amd64_microsoft.windows.common-controls_6595b64144ccf1df_6.0.22621.608_none_a9444ca7c10bb01d;C:\Program Files\Java\jdk-19\bin\server

VM Arguments:
jvm_args: -Dfile.encoding=windows-1252 --module-path=C:\Users\gavio\OneDrive\Escritorio\3s\DPO\EstudiandoInterfaces\bin -XX:+ShowCodeDetailsInExceptionMessages -Djdk.module.main=EstudiandoInterfaces 
java_command: EstudiandoInterfaces/Ventana.Principal
java_class_path (initial): <not set>
Launcher Type: SUN_STANDARD

[Global flags]
     intx CICompilerCount                          = 4                                         {product} {ergonomic}
     uint ConcGCThreads                            = 2                                         {product} {ergonomic}
     uint G1ConcRefinementThreads                  = 8                                         {product} {ergonomic}
   size_t G1HeapRegionSize                         = 1048576                                   {product} {ergonomic}
    uintx GCDrainStackTargetSize                   = 64                                        {product} {ergonomic}
   size_t InitialHeapSize                          = 65011712                                  {product} {ergonomic}
   size_t MarkStackSize                            = 4194304                                   {product} {ergonomic}
   size_t MaxHeapSize                              = 1025507328                                {product} {ergonomic}
   size_t MaxNewSize                               = 614465536                                 {product} {ergonomic}
   size_t MinHeapDeltaBytes                        = 1048576                                   {product} {ergonomic}
   size_t MinHeapSize                              = 8388608                                   {product} {ergonomic}
    uintx NonNMethodCodeHeapSize                   = 5839372                                {pd product} {ergonomic}
    uintx NonProfiledCodeHeapSize                  = 122909434                              {pd product} {ergonomic}
    uintx ProfiledCodeHeapSize                     = 122909434                              {pd product} {ergonomic}
    uintx ReservedCodeCacheSize                    = 251658240                              {pd product} {ergonomic}
     bool SegmentedCodeCache                       = true                                      {product} {ergonomic}
     bool ShowCodeDetailsInExceptionMessages       = true                                   {manageable} {command line}
   size_t SoftMaxHeapSize                          = 1025507328                             {manageable} {ergonomic}
     bool UseCompressedClassPointers               = true                           {product lp64_product} {ergonomic}
     bool UseCompressedOops                        = true                           {product lp64_product} {ergonomic}
     bool UseG1GC                                  = true                                      {product} {ergonomic}
     bool UseLargePagesIndividualAllocation        = false                                  {pd product} {ergonomic}

Logging:
Log output configuration:
 #0: stdout all=warning uptime,level,tags foldmultilines=false
 #1: stderr all=off uptime,level,tags foldmultilines=false

Environment Variables:
JAVA_HOME=C:\Program Files\Java\jdk-19
PATH=C:\Program Files\Common Files\Oracle\Java\javapath;C:\Program Files (x86)\Common Files\Oracle\Java\javapath;C:\WINDOWS\system32;C:\WINDOWS;C:\WINDOWS\System32\Wbem;C:\WINDOWS\System32\WindowsPowerShell\v1.0\;C:\WINDOWS\System32\OpenSSH\;C:\Program Files\Intel\WiFi\bin\;C:\Program Files\Common Files\Intel\WirelessCommon\;C:\Program Files\Git\cmd;C:\Program Files\gs\gs9.56.1\bin;C:\Program Files\Java\jdk-19\bin;C:\MinGW\bin;C:\Users\gavio\anaconda3;C:\Users\gavio\anaconda3\Library\mingw-w64\bin;C:\Users\gavio\anaconda3\Library\usr\bin;C:\Users\gavio\anaconda3\Library\bin;C:\Users\gavio\anaconda3\Scripts;C:\Users\gavio\AppData\Local\Programs\Python\Python39\Scripts\;C:\Users\gavio\AppData\Local\Programs\Python\Python39\;C:\Users\gavio\AppData\Local\Microsoft\WindowsApps;C:\Users\gavio\AppData\Local\Programs\Microsoft VS Code\bin;C:\Users\gavio\AppData\Local\Programs\MiKTeX\miktex\bin\x64\;
USERNAME=Gabriela
OS=Windows_NT
PROCESSOR_IDENTIFIER=Intel64 Family 6 Model 142 Stepping 12, GenuineIntel
TMP=C:\Users\gavio\AppData\Local\Temp
TEMP=C:\Users\gavio\AppData\Local\Temp



---------------  S Y S T E M  ---------------

OS:
 Windows 11 , 64 bit Build 22621 (10.0.22621.1485)
OS uptime: 2 days 20:40 hours

CPU: total 8 (initial active 8) (4 cores per cpu, 2 threads per core) family 6 model 142 stepping 12 microcode 0xde, cx8, cmov, fxsr, ht, mmx, 3dnowpref, sse, sse2, sse3, ssse3, sse4.1, sse4.2, popcnt, lzcnt, tsc, tscinvbit, avx, avx2, aes, erms, clmul, bmi1, bmi2, adx, fma, vzeroupper, clflush, clflushopt, rdtscp

Memory: 4k page, system-wide physical 3910M (220M free)
TotalPageFile size 15686M (AvailPageFile size 0M)
current process WorkingSet (physical memory assigned to process): 49M, peak: 49M
current process commit charge ("private bytes"): 151M, peak: 151M

vm_info: Java HotSpot(TM) 64-Bit Server VM (19.0.1+10-21) for windows-amd64 JRE (19.0.1+10-21), built on 2022-09-14T12:45:06Z by "mach5one" with MS VC++ 17.1 (VS2022)

END.
